
**** Build of configuration Nios II for project Stage2 ****

make all 
      1 [main] sh 2904 find_fast_cwd: WARNING: Couldn't compute FAST_CWD pointer.  Please report this problem to
the public mailing list cygwin@cygwin.com
      1 [main] sh 10780 find_fast_cwd: WARNING: Couldn't compute FAST_CWD pointer.  Please report this problem to
the public mailing list cygwin@cygwin.com
      1 [main] echo 6224 find_fast_cwd: WARNING: Couldn't compute FAST_CWD pointer.  Please report this problem to
the public mailing list cygwin@cygwin.com
Info: Building ../Stage2_bsp/
make --no-print-directory -C ../Stage2_bsp/
      1 [main] pwd 2304 find_fast_cwd: WARNING: Couldn't compute FAST_CWD pointer.  Please report this problem to
the public mailing list cygwin@cygwin.com
      1 [main] sh 2944 find_fast_cwd: WARNING: Couldn't compute FAST_CWD pointer.  Please report this problem to
the public mailing list cygwin@cygwin.com
      1 [main] sh 9220 find_fast_cwd: WARNING: Couldn't compute FAST_CWD pointer.  Please report this problem to
the public mailing list cygwin@cygwin.com
[BSP build complete]
      1 [main] echo 7104 find_fast_cwd: WARNING: Couldn't compute FAST_CWD pointer.  Please report this problem to
Info: Compiling dct.c to obj/default/dct.o
the public mailing list cygwin@cygwin.com
      1 [main] mkdir 8556 find_fast_cwd: WARNING: Couldn't compute FAST_CWD pointer.  Please report this problem to
nios2-elf-gcc -xc -MP -MMD -c -I../Stage2_bsp//HAL/inc -I../Stage2_bsp/ -I../Stage2_bsp//drivers/inc  -DSYSTEM_BUS_WIDTH=32 -pipe -D__hal__ -DALT_NO_INSTRUCTION_EMULATION -DALT_SINGLE_THREADED    -O0 -g -Wall   -EL -mno-hw-div -mhw-mul -mno-hw-mulx  -o obj/default/dct.o dct.c
the public mailing list cygwin@cygwin.com
dct.c: In function 'main':
dct.c:118: warning: implicit declaration of function 'malloc'
dct.c:118: warning: incompatible implicit declaration of built-in function 'malloc'
      1 [main] true 9608 find_fast_cwd: WARNING: Couldn't compute FAST_CWD pointer.  Please report this problem to
the public mailing list cygwin@cygwin.com
      1 [main] echo 12024 find_fast_cwd: WARNING: Couldn't compute FAST_CWD pointer.  Please report this problem to
Info: Linking Stage2.elf
the public mailing list cygwin@cygwin.com
nios2-elf-g++  -T'../Stage2_bsp//linker.x' -msys-crt0='../Stage2_bsp//obj/HAL/src/crt0.o' -msys-lib=hal_bsp -L../Stage2_bsp/   -Wl,-Map=Stage2.map   -O0 -g -Wall   -EL -mno-hw-div -mhw-mul -mno-hw-mulx  -o Stage2.elf obj/default/dct.o -lm 
nios2-elf-insert Stage2.elf --thread_model hal --cpu_name cpu_2 --qsys true --simulation_enabled false --stderr_dev jtag_uart_2 --stdin_dev jtag_uart_2 --stdout_dev jtag_uart_2 --sopc_system_name SoC --quartus_project_dir "D:/CO503AdvancedEmbeddedSystems/Newfolder/JFEG_MPSOC" --jdi D:/CO503AdvancedEmbeddedSystems/Newfolder/JFEG_MPSOC/TopLevel.jdi --sopcinfo D:/CO503AdvancedEmbeddedSystems/Newfolder/JFEG_MPSOC/SoC.sopcinfo
      1 [main] sh 11968 find_fast_cwd: WARNING: Couldn't compute FAST_CWD pointer.  Please report this problem to
the public mailing list cygwin@cygwin.com
      1 [main] uname 5060 find_fast_cwd: WARNING: Couldn't compute FAST_CWD pointer.  Please report this problem to
the public mailing list cygwin@cygwin.com
      1 [main] sh 12016 find_fast_cwd: WARNING: Couldn't compute FAST_CWD pointer.  Please report this problem to
the public mailing list cygwin@cygwin.com
Info: (Stage2.elf) 23 KBytes program size (code + initialized data).
Info:              21814 KBytes free for stack + heap.
      1 [main] echo 12012 find_fast_cwd: WARNING: Couldn't compute FAST_CWD pointer.  Please report this problem to
Info: Creating Stage2.objdump
the public mailing list cygwin@cygwin.com
nios2-elf-objdump --disassemble --syms --all-header --source Stage2.elf >Stage2.objdump
      1 [main] sh 12272 find_fast_cwd: WARNING: Couldn't compute FAST_CWD pointer.  Please report this problem to
the public mailing list cygwin@cygwin.com
      1 [main] sh 11748 find_fast_cwd: WARNING: Couldn't compute FAST_CWD pointer.  Please report this problem to
the public mailing list cygwin@cygwin.com
[Stage2 build complete]

**** Build Finished ****
