Flow report for TopLevel
Sat Jan 14 10:28:00 2023
Quartus II 64-Bit Version 12.1 Build 177 11/07/2012 SJ Full Version


---------------------
; Table of Contents ;
---------------------
  1. Legal Notice
  2. Flow Summary
  3. Flow Settings
  4. Flow Non-Default Global Settings
  5. Flow Elapsed Time
  6. Flow OS Summary
  7. Flow Log



----------------
; Legal Notice ;
----------------
Copyright (C) 1991-2012 Altera Corporation
Your use of Altera Corporation's design tools, logic functions 
and other software and tools, and its AMPP partner logic 
functions, and any output files from any of the foregoing 
(including device programming or simulation files), and any 
associated documentation or information are expressly subject 
to the terms and conditions of the Altera Program License 
Subscription Agreement, Altera MegaCore Function License 
Agreement, or other applicable license agreement, including, 
without limitation, that your use is for the sole purpose of 
programming logic devices manufactured by Altera and sold by 
Altera or its authorized distributors.  Please refer to the 
applicable agreement for further details.



+--------------------------------------------------------------------------------+
; Flow Summary                                                                   ;
+------------------------------------+-------------------------------------------+
; Flow Status                        ; Successful - Sat Jan 14 10:28:00 2023     ;
; Quartus II 64-Bit Version          ; 12.1 Build 177 11/07/2012 SJ Full Version ;
; Revision Name                      ; TopLevel                                  ;
; Top-level Entity Name              ; TopLevel                                  ;
; Family                             ; Cyclone IV E                              ;
; Device                             ; EP4CE115F29C7                             ;
; Timing Models                      ; Final                                     ;
; Total logic elements               ; 18,277 / 114,480 ( 16 % )                 ;
;     Total combinational functions  ; 17,119 / 114,480 ( 15 % )                 ;
;     Dedicated logic registers      ; 10,584 / 114,480 ( 9 % )                  ;
; Total registers                    ; 10703                                     ;
; Total pins                         ; 58 / 529 ( 11 % )                         ;
; Total virtual pins                 ; 0                                         ;
; Total memory bits                  ; 365,056 / 3,981,312 ( 9 % )               ;
; Embedded Multiplier 9-bit elements ; 24 / 532 ( 5 % )                          ;
; Total PLLs                         ; 1 / 4 ( 25 % )                            ;
+------------------------------------+-------------------------------------------+


+-----------------------------------------+
; Flow Settings                           ;
+-------------------+---------------------+
; Option            ; Setting             ;
+-------------------+---------------------+
; Start date & time ; 01/14/2023 10:22:18 ;
; Main task         ; Compilation         ;
; Revision Name     ; TopLevel            ;
+-------------------+---------------------+


+----------------------------------------------------------------------------------------------------------------------------------------------------------------+
; Flow Non-Default Global Settings                                                                                                                               ;
+-------------------------------------+-------------------------------------------------------+---------------+---------------------------------+----------------+
; Assignment Name                     ; Value                                                 ; Default Value ; Entity Name                     ; Section Id     ;
+-------------------------------------+-------------------------------------------------------+---------------+---------------------------------+----------------+
; COMPILER_SIGNATURE_ID               ; 238338871071562.167367193713208                       ; --            ; --                              ; --             ;
; EDA_OUTPUT_DATA_FORMAT              ; Vhdl                                                  ; --            ; --                              ; eda_simulation ;
; EDA_SIMULATION_TOOL                 ; ModelSim-Altera (VHDL)                                ; <None>        ; --                              ; --             ;
; IP_TOOL_ENV                         ; qsys                                                  ; --            ; SoC                             ; --             ;
; IP_TOOL_ENV                         ; qsys                                                  ; --            ; SoC_addr_router                 ; --             ;
; IP_TOOL_ENV                         ; qsys                                                  ; --            ; SoC_addr_router_001             ; --             ;
; IP_TOOL_ENV                         ; qsys                                                  ; --            ; SoC_addr_router_002             ; --             ;
; IP_TOOL_ENV                         ; qsys                                                  ; --            ; SoC_addr_router_003             ; --             ;
; IP_TOOL_ENV                         ; qsys                                                  ; --            ; SoC_addr_router_004             ; --             ;
; IP_TOOL_ENV                         ; qsys                                                  ; --            ; SoC_addr_router_005             ; --             ;
; IP_TOOL_ENV                         ; qsys                                                  ; --            ; SoC_addr_router_006             ; --             ;
; IP_TOOL_ENV                         ; qsys                                                  ; --            ; SoC_addr_router_007             ; --             ;
; IP_TOOL_ENV                         ; qsys                                                  ; --            ; SoC_addr_router_008             ; --             ;
; IP_TOOL_ENV                         ; qsys                                                  ; --            ; SoC_addr_router_009             ; --             ;
; IP_TOOL_ENV                         ; qsys                                                  ; --            ; SoC_addr_router_010             ; --             ;
; IP_TOOL_ENV                         ; qsys                                                  ; --            ; SoC_addr_router_011             ; --             ;
; IP_TOOL_ENV                         ; qsys                                                  ; --            ; SoC_cmd_xbar_demux              ; --             ;
; IP_TOOL_ENV                         ; qsys                                                  ; --            ; SoC_cmd_xbar_demux_001          ; --             ;
; IP_TOOL_ENV                         ; qsys                                                  ; --            ; SoC_cmd_xbar_demux_002          ; --             ;
; IP_TOOL_ENV                         ; qsys                                                  ; --            ; SoC_cmd_xbar_demux_003          ; --             ;
; IP_TOOL_ENV                         ; qsys                                                  ; --            ; SoC_cmd_xbar_demux_004          ; --             ;
; IP_TOOL_ENV                         ; qsys                                                  ; --            ; SoC_cmd_xbar_demux_006          ; --             ;
; IP_TOOL_ENV                         ; qsys                                                  ; --            ; SoC_cmd_xbar_mux                ; --             ;
; IP_TOOL_ENV                         ; qsys                                                  ; --            ; SoC_cmd_xbar_mux_001            ; --             ;
; IP_TOOL_ENV                         ; qsys                                                  ; --            ; SoC_cpu_0                       ; --             ;
; IP_TOOL_ENV                         ; qsys                                                  ; --            ; SoC_cpu_1                       ; --             ;
; IP_TOOL_ENV                         ; qsys                                                  ; --            ; SoC_cpu_2                       ; --             ;
; IP_TOOL_ENV                         ; qsys                                                  ; --            ; SoC_cpu_3                       ; --             ;
; IP_TOOL_ENV                         ; qsys                                                  ; --            ; SoC_cpu_4                       ; --             ;
; IP_TOOL_ENV                         ; qsys                                                  ; --            ; SoC_cpu_5                       ; --             ;
; IP_TOOL_ENV                         ; qsys                                                  ; --            ; SoC_fifo_0_stage1_to_2          ; --             ;
; IP_TOOL_ENV                         ; qsys                                                  ; --            ; SoC_fifo_stage1_to_4            ; --             ;
; IP_TOOL_ENV                         ; qsys                                                  ; --            ; SoC_fifo_stage1_to_6            ; --             ;
; IP_TOOL_ENV                         ; qsys                                                  ; --            ; SoC_fifo_stage2_to_3            ; --             ;
; IP_TOOL_ENV                         ; qsys                                                  ; --            ; SoC_id_router                   ; --             ;
; IP_TOOL_ENV                         ; qsys                                                  ; --            ; SoC_id_router_001               ; --             ;
; IP_TOOL_ENV                         ; qsys                                                  ; --            ; SoC_id_router_002               ; --             ;
; IP_TOOL_ENV                         ; qsys                                                  ; --            ; SoC_id_router_005               ; --             ;
; IP_TOOL_ENV                         ; qsys                                                  ; --            ; SoC_id_router_011               ; --             ;
; IP_TOOL_ENV                         ; qsys                                                  ; --            ; SoC_id_router_013               ; --             ;
; IP_TOOL_ENV                         ; qsys                                                  ; --            ; SoC_id_router_014               ; --             ;
; IP_TOOL_ENV                         ; qsys                                                  ; --            ; SoC_id_router_015               ; --             ;
; IP_TOOL_ENV                         ; qsys                                                  ; --            ; SoC_id_router_017               ; --             ;
; IP_TOOL_ENV                         ; qsys                                                  ; --            ; SoC_id_router_019               ; --             ;
; IP_TOOL_ENV                         ; qsys                                                  ; --            ; SoC_id_router_021               ; --             ;
; IP_TOOL_ENV                         ; qsys                                                  ; --            ; SoC_id_router_023               ; --             ;
; IP_TOOL_ENV                         ; qsys                                                  ; --            ; SoC_id_router_024               ; --             ;
; IP_TOOL_ENV                         ; qsys                                                  ; --            ; SoC_id_router_025               ; --             ;
; IP_TOOL_ENV                         ; qsys                                                  ; --            ; SoC_id_router_027               ; --             ;
; IP_TOOL_ENV                         ; qsys                                                  ; --            ; SoC_id_router_032               ; --             ;
; IP_TOOL_ENV                         ; qsys                                                  ; --            ; SoC_id_router_034               ; --             ;
; IP_TOOL_ENV                         ; qsys                                                  ; --            ; SoC_id_router_040               ; --             ;
; IP_TOOL_ENV                         ; qsys                                                  ; --            ; SoC_id_router_041               ; --             ;
; IP_TOOL_ENV                         ; qsys                                                  ; --            ; SoC_id_router_043               ; --             ;
; IP_TOOL_ENV                         ; qsys                                                  ; --            ; SoC_id_router_047               ; --             ;
; IP_TOOL_ENV                         ; qsys                                                  ; --            ; SoC_id_router_048               ; --             ;
; IP_TOOL_ENV                         ; qsys                                                  ; --            ; SoC_id_router_050               ; --             ;
; IP_TOOL_ENV                         ; qsys                                                  ; --            ; SoC_instruction_mem_1           ; --             ;
; IP_TOOL_ENV                         ; qsys                                                  ; --            ; SoC_instruction_mem_2           ; --             ;
; IP_TOOL_ENV                         ; qsys                                                  ; --            ; SoC_instruction_mem_3           ; --             ;
; IP_TOOL_ENV                         ; qsys                                                  ; --            ; SoC_instruction_mem_4           ; --             ;
; IP_TOOL_ENV                         ; qsys                                                  ; --            ; SoC_instruction_mem_5           ; --             ;
; IP_TOOL_ENV                         ; qsys                                                  ; --            ; SoC_irq_mapper                  ; --             ;
; IP_TOOL_ENV                         ; qsys                                                  ; --            ; SoC_irq_mapper_002              ; --             ;
; IP_TOOL_ENV                         ; qsys                                                  ; --            ; SoC_jtag_uart_0                 ; --             ;
; IP_TOOL_ENV                         ; qsys                                                  ; --            ; SoC_pll                         ; --             ;
; IP_TOOL_ENV                         ; qsys                                                  ; --            ; SoC_rsp_xbar_demux              ; --             ;
; IP_TOOL_ENV                         ; qsys                                                  ; --            ; SoC_rsp_xbar_demux_001          ; --             ;
; IP_TOOL_ENV                         ; qsys                                                  ; --            ; SoC_rsp_xbar_demux_002          ; --             ;
; IP_TOOL_ENV                         ; qsys                                                  ; --            ; SoC_rsp_xbar_mux                ; --             ;
; IP_TOOL_ENV                         ; qsys                                                  ; --            ; SoC_rsp_xbar_mux_001            ; --             ;
; IP_TOOL_ENV                         ; qsys                                                  ; --            ; SoC_rsp_xbar_mux_002            ; --             ;
; IP_TOOL_ENV                         ; qsys                                                  ; --            ; SoC_rsp_xbar_mux_003            ; --             ;
; IP_TOOL_ENV                         ; qsys                                                  ; --            ; SoC_rsp_xbar_mux_004            ; --             ;
; IP_TOOL_ENV                         ; qsys                                                  ; --            ; SoC_rsp_xbar_mux_006            ; --             ;
; IP_TOOL_ENV                         ; qsys                                                  ; --            ; SoC_sdram_controller            ; --             ;
; IP_TOOL_ENV                         ; qsys                                                  ; --            ; SoC_timer_0                     ; --             ;
; IP_TOOL_ENV                         ; qsys                                                  ; --            ; altera_avalon_sc_fifo           ; --             ;
; IP_TOOL_ENV                         ; qsys                                                  ; --            ; altera_merlin_burst_adapter     ; --             ;
; IP_TOOL_ENV                         ; qsys                                                  ; --            ; altera_merlin_master_agent      ; --             ;
; IP_TOOL_ENV                         ; qsys                                                  ; --            ; altera_merlin_master_translator ; --             ;
; IP_TOOL_ENV                         ; qsys                                                  ; --            ; altera_merlin_slave_agent       ; --             ;
; IP_TOOL_ENV                         ; qsys                                                  ; --            ; altera_merlin_slave_translator  ; --             ;
; IP_TOOL_ENV                         ; qsys                                                  ; --            ; altera_merlin_traffic_limiter   ; --             ;
; IP_TOOL_ENV                         ; qsys                                                  ; --            ; altera_merlin_width_adapter     ; --             ;
; IP_TOOL_ENV                         ; qsys                                                  ; --            ; altera_reset_controller         ; --             ;
; IP_TOOL_NAME                        ; qsys                                                  ; --            ; SoC                             ; --             ;
; IP_TOOL_NAME                        ; altera_merlin_router                                  ; --            ; SoC_addr_router                 ; --             ;
; IP_TOOL_NAME                        ; altera_merlin_router                                  ; --            ; SoC_addr_router_001             ; --             ;
; IP_TOOL_NAME                        ; altera_merlin_router                                  ; --            ; SoC_addr_router_002             ; --             ;
; IP_TOOL_NAME                        ; altera_merlin_router                                  ; --            ; SoC_addr_router_003             ; --             ;
; IP_TOOL_NAME                        ; altera_merlin_router                                  ; --            ; SoC_addr_router_004             ; --             ;
; IP_TOOL_NAME                        ; altera_merlin_router                                  ; --            ; SoC_addr_router_005             ; --             ;
; IP_TOOL_NAME                        ; altera_merlin_router                                  ; --            ; SoC_addr_router_006             ; --             ;
; IP_TOOL_NAME                        ; altera_merlin_router                                  ; --            ; SoC_addr_router_007             ; --             ;
; IP_TOOL_NAME                        ; altera_merlin_router                                  ; --            ; SoC_addr_router_008             ; --             ;
; IP_TOOL_NAME                        ; altera_merlin_router                                  ; --            ; SoC_addr_router_009             ; --             ;
; IP_TOOL_NAME                        ; altera_merlin_router                                  ; --            ; SoC_addr_router_010             ; --             ;
; IP_TOOL_NAME                        ; altera_merlin_router                                  ; --            ; SoC_addr_router_011             ; --             ;
; IP_TOOL_NAME                        ; altera_merlin_demultiplexer                           ; --            ; SoC_cmd_xbar_demux              ; --             ;
; IP_TOOL_NAME                        ; altera_merlin_demultiplexer                           ; --            ; SoC_cmd_xbar_demux_001          ; --             ;
; IP_TOOL_NAME                        ; altera_merlin_demultiplexer                           ; --            ; SoC_cmd_xbar_demux_002          ; --             ;
; IP_TOOL_NAME                        ; altera_merlin_demultiplexer                           ; --            ; SoC_cmd_xbar_demux_003          ; --             ;
; IP_TOOL_NAME                        ; altera_merlin_demultiplexer                           ; --            ; SoC_cmd_xbar_demux_004          ; --             ;
; IP_TOOL_NAME                        ; altera_merlin_demultiplexer                           ; --            ; SoC_cmd_xbar_demux_006          ; --             ;
; IP_TOOL_NAME                        ; altera_merlin_multiplexer                             ; --            ; SoC_cmd_xbar_mux                ; --             ;
; IP_TOOL_NAME                        ; altera_merlin_multiplexer                             ; --            ; SoC_cmd_xbar_mux_001            ; --             ;
; IP_TOOL_NAME                        ; altera_nios2_qsys                                     ; --            ; SoC_cpu_0                       ; --             ;
; IP_TOOL_NAME                        ; altera_nios2_qsys                                     ; --            ; SoC_cpu_1                       ; --             ;
; IP_TOOL_NAME                        ; altera_nios2_qsys                                     ; --            ; SoC_cpu_2                       ; --             ;
; IP_TOOL_NAME                        ; altera_nios2_qsys                                     ; --            ; SoC_cpu_3                       ; --             ;
; IP_TOOL_NAME                        ; altera_nios2_qsys                                     ; --            ; SoC_cpu_4                       ; --             ;
; IP_TOOL_NAME                        ; altera_nios2_qsys                                     ; --            ; SoC_cpu_5                       ; --             ;
; IP_TOOL_NAME                        ; altera_avalon_fifo                                    ; --            ; SoC_fifo_0_stage1_to_2          ; --             ;
; IP_TOOL_NAME                        ; altera_avalon_fifo                                    ; --            ; SoC_fifo_stage1_to_4            ; --             ;
; IP_TOOL_NAME                        ; altera_avalon_fifo                                    ; --            ; SoC_fifo_stage1_to_6            ; --             ;
; IP_TOOL_NAME                        ; altera_avalon_fifo                                    ; --            ; SoC_fifo_stage2_to_3            ; --             ;
; IP_TOOL_NAME                        ; altera_merlin_router                                  ; --            ; SoC_id_router                   ; --             ;
; IP_TOOL_NAME                        ; altera_merlin_router                                  ; --            ; SoC_id_router_001               ; --             ;
; IP_TOOL_NAME                        ; altera_merlin_router                                  ; --            ; SoC_id_router_002               ; --             ;
; IP_TOOL_NAME                        ; altera_merlin_router                                  ; --            ; SoC_id_router_005               ; --             ;
; IP_TOOL_NAME                        ; altera_merlin_router                                  ; --            ; SoC_id_router_011               ; --             ;
; IP_TOOL_NAME                        ; altera_merlin_router                                  ; --            ; SoC_id_router_013               ; --             ;
; IP_TOOL_NAME                        ; altera_merlin_router                                  ; --            ; SoC_id_router_014               ; --             ;
; IP_TOOL_NAME                        ; altera_merlin_router                                  ; --            ; SoC_id_router_015               ; --             ;
; IP_TOOL_NAME                        ; altera_merlin_router                                  ; --            ; SoC_id_router_017               ; --             ;
; IP_TOOL_NAME                        ; altera_merlin_router                                  ; --            ; SoC_id_router_019               ; --             ;
; IP_TOOL_NAME                        ; altera_merlin_router                                  ; --            ; SoC_id_router_021               ; --             ;
; IP_TOOL_NAME                        ; altera_merlin_router                                  ; --            ; SoC_id_router_023               ; --             ;
; IP_TOOL_NAME                        ; altera_merlin_router                                  ; --            ; SoC_id_router_024               ; --             ;
; IP_TOOL_NAME                        ; altera_merlin_router                                  ; --            ; SoC_id_router_025               ; --             ;
; IP_TOOL_NAME                        ; altera_merlin_router                                  ; --            ; SoC_id_router_027               ; --             ;
; IP_TOOL_NAME                        ; altera_merlin_router                                  ; --            ; SoC_id_router_032               ; --             ;
; IP_TOOL_NAME                        ; altera_merlin_router                                  ; --            ; SoC_id_router_034               ; --             ;
; IP_TOOL_NAME                        ; altera_merlin_router                                  ; --            ; SoC_id_router_040               ; --             ;
; IP_TOOL_NAME                        ; altera_merlin_router                                  ; --            ; SoC_id_router_041               ; --             ;
; IP_TOOL_NAME                        ; altera_merlin_router                                  ; --            ; SoC_id_router_043               ; --             ;
; IP_TOOL_NAME                        ; altera_merlin_router                                  ; --            ; SoC_id_router_047               ; --             ;
; IP_TOOL_NAME                        ; altera_merlin_router                                  ; --            ; SoC_id_router_048               ; --             ;
; IP_TOOL_NAME                        ; altera_merlin_router                                  ; --            ; SoC_id_router_050               ; --             ;
; IP_TOOL_NAME                        ; altera_avalon_onchip_memory2                          ; --            ; SoC_instruction_mem_1           ; --             ;
; IP_TOOL_NAME                        ; altera_avalon_onchip_memory2                          ; --            ; SoC_instruction_mem_2           ; --             ;
; IP_TOOL_NAME                        ; altera_avalon_onchip_memory2                          ; --            ; SoC_instruction_mem_3           ; --             ;
; IP_TOOL_NAME                        ; altera_avalon_onchip_memory2                          ; --            ; SoC_instruction_mem_4           ; --             ;
; IP_TOOL_NAME                        ; altera_avalon_onchip_memory2                          ; --            ; SoC_instruction_mem_5           ; --             ;
; IP_TOOL_NAME                        ; altera_irq_mapper                                     ; --            ; SoC_irq_mapper                  ; --             ;
; IP_TOOL_NAME                        ; altera_irq_mapper                                     ; --            ; SoC_irq_mapper_002              ; --             ;
; IP_TOOL_NAME                        ; altera_avalon_jtag_uart                               ; --            ; SoC_jtag_uart_0                 ; --             ;
; IP_TOOL_NAME                        ; altpll                                                ; --            ; SoC_pll                         ; --             ;
; IP_TOOL_NAME                        ; altera_merlin_demultiplexer                           ; --            ; SoC_rsp_xbar_demux              ; --             ;
; IP_TOOL_NAME                        ; altera_merlin_demultiplexer                           ; --            ; SoC_rsp_xbar_demux_001          ; --             ;
; IP_TOOL_NAME                        ; altera_merlin_demultiplexer                           ; --            ; SoC_rsp_xbar_demux_002          ; --             ;
; IP_TOOL_NAME                        ; altera_merlin_multiplexer                             ; --            ; SoC_rsp_xbar_mux                ; --             ;
; IP_TOOL_NAME                        ; altera_merlin_multiplexer                             ; --            ; SoC_rsp_xbar_mux_001            ; --             ;
; IP_TOOL_NAME                        ; altera_merlin_multiplexer                             ; --            ; SoC_rsp_xbar_mux_002            ; --             ;
; IP_TOOL_NAME                        ; altera_merlin_multiplexer                             ; --            ; SoC_rsp_xbar_mux_003            ; --             ;
; IP_TOOL_NAME                        ; altera_merlin_multiplexer                             ; --            ; SoC_rsp_xbar_mux_004            ; --             ;
; IP_TOOL_NAME                        ; altera_merlin_multiplexer                             ; --            ; SoC_rsp_xbar_mux_006            ; --             ;
; IP_TOOL_NAME                        ; altera_avalon_new_sdram_controller                    ; --            ; SoC_sdram_controller            ; --             ;
; IP_TOOL_NAME                        ; altera_avalon_timer                                   ; --            ; SoC_timer_0                     ; --             ;
; IP_TOOL_NAME                        ; altera_avalon_sc_fifo                                 ; --            ; altera_avalon_sc_fifo           ; --             ;
; IP_TOOL_NAME                        ; altera_merlin_burst_adapter                           ; --            ; altera_merlin_burst_adapter     ; --             ;
; IP_TOOL_NAME                        ; altera_merlin_master_agent                            ; --            ; altera_merlin_master_agent      ; --             ;
; IP_TOOL_NAME                        ; altera_merlin_master_translator                       ; --            ; altera_merlin_master_translator ; --             ;
; IP_TOOL_NAME                        ; altera_merlin_slave_agent                             ; --            ; altera_merlin_slave_agent       ; --             ;
; IP_TOOL_NAME                        ; altera_merlin_slave_translator                        ; --            ; altera_merlin_slave_translator  ; --             ;
; IP_TOOL_NAME                        ; altera_merlin_traffic_limiter                         ; --            ; altera_merlin_traffic_limiter   ; --             ;
; IP_TOOL_NAME                        ; altera_merlin_width_adapter                           ; --            ; altera_merlin_width_adapter     ; --             ;
; IP_TOOL_NAME                        ; altera_reset_controller                               ; --            ; altera_reset_controller         ; --             ;
; IP_TOOL_VERSION                     ; 12.1                                                  ; --            ; SoC                             ; --             ;
; IP_TOOL_VERSION                     ; 12.1                                                  ; --            ; SoC_addr_router                 ; --             ;
; IP_TOOL_VERSION                     ; 12.1                                                  ; --            ; SoC_addr_router_001             ; --             ;
; IP_TOOL_VERSION                     ; 12.1                                                  ; --            ; SoC_addr_router_002             ; --             ;
; IP_TOOL_VERSION                     ; 12.1                                                  ; --            ; SoC_addr_router_003             ; --             ;
; IP_TOOL_VERSION                     ; 12.1                                                  ; --            ; SoC_addr_router_004             ; --             ;
; IP_TOOL_VERSION                     ; 12.1                                                  ; --            ; SoC_addr_router_005             ; --             ;
; IP_TOOL_VERSION                     ; 12.1                                                  ; --            ; SoC_addr_router_006             ; --             ;
; IP_TOOL_VERSION                     ; 12.1                                                  ; --            ; SoC_addr_router_007             ; --             ;
; IP_TOOL_VERSION                     ; 12.1                                                  ; --            ; SoC_addr_router_008             ; --             ;
; IP_TOOL_VERSION                     ; 12.1                                                  ; --            ; SoC_addr_router_009             ; --             ;
; IP_TOOL_VERSION                     ; 12.1                                                  ; --            ; SoC_addr_router_010             ; --             ;
; IP_TOOL_VERSION                     ; 12.1                                                  ; --            ; SoC_addr_router_011             ; --             ;
; IP_TOOL_VERSION                     ; 12.1                                                  ; --            ; SoC_cmd_xbar_demux              ; --             ;
; IP_TOOL_VERSION                     ; 12.1                                                  ; --            ; SoC_cmd_xbar_demux_001          ; --             ;
; IP_TOOL_VERSION                     ; 12.1                                                  ; --            ; SoC_cmd_xbar_demux_002          ; --             ;
; IP_TOOL_VERSION                     ; 12.1                                                  ; --            ; SoC_cmd_xbar_demux_003          ; --             ;
; IP_TOOL_VERSION                     ; 12.1                                                  ; --            ; SoC_cmd_xbar_demux_004          ; --             ;
; IP_TOOL_VERSION                     ; 12.1                                                  ; --            ; SoC_cmd_xbar_demux_006          ; --             ;
; IP_TOOL_VERSION                     ; 12.1                                                  ; --            ; SoC_cmd_xbar_mux                ; --             ;
; IP_TOOL_VERSION                     ; 12.1                                                  ; --            ; SoC_cmd_xbar_mux_001            ; --             ;
; IP_TOOL_VERSION                     ; 12.1                                                  ; --            ; SoC_cpu_0                       ; --             ;
; IP_TOOL_VERSION                     ; 12.1                                                  ; --            ; SoC_cpu_1                       ; --             ;
; IP_TOOL_VERSION                     ; 12.1                                                  ; --            ; SoC_cpu_2                       ; --             ;
; IP_TOOL_VERSION                     ; 12.1                                                  ; --            ; SoC_cpu_3                       ; --             ;
; IP_TOOL_VERSION                     ; 12.1                                                  ; --            ; SoC_cpu_4                       ; --             ;
; IP_TOOL_VERSION                     ; 12.1                                                  ; --            ; SoC_cpu_5                       ; --             ;
; IP_TOOL_VERSION                     ; 12.1                                                  ; --            ; SoC_fifo_0_stage1_to_2          ; --             ;
; IP_TOOL_VERSION                     ; 12.1                                                  ; --            ; SoC_fifo_stage1_to_4            ; --             ;
; IP_TOOL_VERSION                     ; 12.1                                                  ; --            ; SoC_fifo_stage1_to_6            ; --             ;
; IP_TOOL_VERSION                     ; 12.1                                                  ; --            ; SoC_fifo_stage2_to_3            ; --             ;
; IP_TOOL_VERSION                     ; 12.1                                                  ; --            ; SoC_id_router                   ; --             ;
; IP_TOOL_VERSION                     ; 12.1                                                  ; --            ; SoC_id_router_001               ; --             ;
; IP_TOOL_VERSION                     ; 12.1                                                  ; --            ; SoC_id_router_002               ; --             ;
; IP_TOOL_VERSION                     ; 12.1                                                  ; --            ; SoC_id_router_005               ; --             ;
; IP_TOOL_VERSION                     ; 12.1                                                  ; --            ; SoC_id_router_011               ; --             ;
; IP_TOOL_VERSION                     ; 12.1                                                  ; --            ; SoC_id_router_013               ; --             ;
; IP_TOOL_VERSION                     ; 12.1                                                  ; --            ; SoC_id_router_014               ; --             ;
; IP_TOOL_VERSION                     ; 12.1                                                  ; --            ; SoC_id_router_015               ; --             ;
; IP_TOOL_VERSION                     ; 12.1                                                  ; --            ; SoC_id_router_017               ; --             ;
; IP_TOOL_VERSION                     ; 12.1                                                  ; --            ; SoC_id_router_019               ; --             ;
; IP_TOOL_VERSION                     ; 12.1                                                  ; --            ; SoC_id_router_021               ; --             ;
; IP_TOOL_VERSION                     ; 12.1                                                  ; --            ; SoC_id_router_023               ; --             ;
; IP_TOOL_VERSION                     ; 12.1                                                  ; --            ; SoC_id_router_024               ; --             ;
; IP_TOOL_VERSION                     ; 12.1                                                  ; --            ; SoC_id_router_025               ; --             ;
; IP_TOOL_VERSION                     ; 12.1                                                  ; --            ; SoC_id_router_027               ; --             ;
; IP_TOOL_VERSION                     ; 12.1                                                  ; --            ; SoC_id_router_032               ; --             ;
; IP_TOOL_VERSION                     ; 12.1                                                  ; --            ; SoC_id_router_034               ; --             ;
; IP_TOOL_VERSION                     ; 12.1                                                  ; --            ; SoC_id_router_040               ; --             ;
; IP_TOOL_VERSION                     ; 12.1                                                  ; --            ; SoC_id_router_041               ; --             ;
; IP_TOOL_VERSION                     ; 12.1                                                  ; --            ; SoC_id_router_043               ; --             ;
; IP_TOOL_VERSION                     ; 12.1                                                  ; --            ; SoC_id_router_047               ; --             ;
; IP_TOOL_VERSION                     ; 12.1                                                  ; --            ; SoC_id_router_048               ; --             ;
; IP_TOOL_VERSION                     ; 12.1                                                  ; --            ; SoC_id_router_050               ; --             ;
; IP_TOOL_VERSION                     ; 12.1                                                  ; --            ; SoC_instruction_mem_1           ; --             ;
; IP_TOOL_VERSION                     ; 12.1                                                  ; --            ; SoC_instruction_mem_2           ; --             ;
; IP_TOOL_VERSION                     ; 12.1                                                  ; --            ; SoC_instruction_mem_3           ; --             ;
; IP_TOOL_VERSION                     ; 12.1                                                  ; --            ; SoC_instruction_mem_4           ; --             ;
; IP_TOOL_VERSION                     ; 12.1                                                  ; --            ; SoC_instruction_mem_5           ; --             ;
; IP_TOOL_VERSION                     ; 12.1                                                  ; --            ; SoC_irq_mapper                  ; --             ;
; IP_TOOL_VERSION                     ; 12.1                                                  ; --            ; SoC_irq_mapper_002              ; --             ;
; IP_TOOL_VERSION                     ; 12.1                                                  ; --            ; SoC_jtag_uart_0                 ; --             ;
; IP_TOOL_VERSION                     ; 12.1                                                  ; --            ; SoC_pll                         ; --             ;
; IP_TOOL_VERSION                     ; 12.1                                                  ; --            ; SoC_rsp_xbar_demux              ; --             ;
; IP_TOOL_VERSION                     ; 12.1                                                  ; --            ; SoC_rsp_xbar_demux_001          ; --             ;
; IP_TOOL_VERSION                     ; 12.1                                                  ; --            ; SoC_rsp_xbar_demux_002          ; --             ;
; IP_TOOL_VERSION                     ; 12.1                                                  ; --            ; SoC_rsp_xbar_mux                ; --             ;
; IP_TOOL_VERSION                     ; 12.1                                                  ; --            ; SoC_rsp_xbar_mux_001            ; --             ;
; IP_TOOL_VERSION                     ; 12.1                                                  ; --            ; SoC_rsp_xbar_mux_002            ; --             ;
; IP_TOOL_VERSION                     ; 12.1                                                  ; --            ; SoC_rsp_xbar_mux_003            ; --             ;
; IP_TOOL_VERSION                     ; 12.1                                                  ; --            ; SoC_rsp_xbar_mux_004            ; --             ;
; IP_TOOL_VERSION                     ; 12.1                                                  ; --            ; SoC_rsp_xbar_mux_006            ; --             ;
; IP_TOOL_VERSION                     ; 12.1                                                  ; --            ; SoC_sdram_controller            ; --             ;
; IP_TOOL_VERSION                     ; 12.1                                                  ; --            ; SoC_timer_0                     ; --             ;
; IP_TOOL_VERSION                     ; 12.1                                                  ; --            ; altera_avalon_sc_fifo           ; --             ;
; IP_TOOL_VERSION                     ; 12.1                                                  ; --            ; altera_merlin_burst_adapter     ; --             ;
; IP_TOOL_VERSION                     ; 12.1                                                  ; --            ; altera_merlin_master_agent      ; --             ;
; IP_TOOL_VERSION                     ; 12.1                                                  ; --            ; altera_merlin_master_translator ; --             ;
; IP_TOOL_VERSION                     ; 12.1                                                  ; --            ; altera_merlin_slave_agent       ; --             ;
; IP_TOOL_VERSION                     ; 12.1                                                  ; --            ; altera_merlin_slave_translator  ; --             ;
; IP_TOOL_VERSION                     ; 12.1                                                  ; --            ; altera_merlin_traffic_limiter   ; --             ;
; IP_TOOL_VERSION                     ; 12.1                                                  ; --            ; altera_merlin_width_adapter     ; --             ;
; IP_TOOL_VERSION                     ; 12.1                                                  ; --            ; altera_reset_controller         ; --             ;
; MAX_CORE_JUNCTION_TEMP              ; 85                                                    ; --            ; --                              ; --             ;
; MIN_CORE_JUNCTION_TEMP              ; 0                                                     ; --            ; --                              ; --             ;
; MISC_FILE                           ; SoC/synthesis/../../SoC.cmp                           ; --            ; --                              ; --             ;
; MISC_FILE                           ; SoC/synthesis/../../SoC.qsys                          ; --            ; --                              ; --             ;
; NOMINAL_CORE_SUPPLY_VOLTAGE         ; 1.2V                                                  ; --            ; --                              ; --             ;
; PARTITION_COLOR                     ; 16764057                                              ; --            ; --                              ; Top            ;
; PARTITION_FITTER_PRESERVATION_LEVEL ; PLACEMENT_AND_ROUTING                                 ; --            ; --                              ; Top            ;
; PARTITION_NETLIST_TYPE              ; SOURCE                                                ; --            ; --                              ; Top            ;
; PROJECT_OUTPUT_DIRECTORY            ; output_files                                          ; --            ; --                              ; --             ;
; SLD_INFO                            ; QSYS_NAME SoC HAS_SOPCINFO 1 GENERATION_ID 1673669455 ; --            ; SoC                             ; --             ;
; SOPCINFO_FILE                       ; SoC/synthesis/../../SoC.sopcinfo                      ; --            ; --                              ; --             ;
; SYNTHESIS_ONLY_QIP                  ; On                                                    ; --            ; --                              ; --             ;
+-------------------------------------+-------------------------------------------------------+---------------+---------------------------------+----------------+


+-------------------------------------------------------------------------------------------------------------------------------+
; Flow Elapsed Time                                                                                                             ;
+---------------------------+--------------+-------------------------+---------------------+------------------------------------+
; Module Name               ; Elapsed Time ; Average Processors Used ; Peak Virtual Memory ; Total CPU Time (on all processors) ;
+---------------------------+--------------+-------------------------+---------------------+------------------------------------+
; Analysis & Synthesis      ; 00:02:26     ; 1.0                     ; 5221 MB             ; 00:01:58                           ;
; Fitter                    ; 00:01:59     ; 1.3                     ; 5282 MB             ; 00:02:04                           ;
; Assembler                 ; 00:00:13     ; 1.0                     ; 4670 MB             ; 00:00:07                           ;
; TimeQuest Timing Analyzer ; 00:00:16     ; 1.3                     ; 4933 MB             ; 00:00:13                           ;
; EDA Netlist Writer        ; 00:00:27     ; 1.0                     ; 4832 MB             ; 00:00:21                           ;
; Total                     ; 00:05:21     ; --                      ; --                  ; 00:04:43                           ;
+---------------------------+--------------+-------------------------+---------------------+------------------------------------+


+----------------------------------------------------------------------------------------+
; Flow OS Summary                                                                        ;
+---------------------------+------------------+-----------+------------+----------------+
; Module Name               ; Machine Hostname ; OS Name   ; OS Version ; Processor type ;
+---------------------------+------------------+-----------+------------+----------------+
; Analysis & Synthesis      ; LAPTOP-R81F0PUD  ; Windows 7 ; 6.2        ; x86_64         ;
; Fitter                    ; LAPTOP-R81F0PUD  ; Windows 7 ; 6.2        ; x86_64         ;
; Assembler                 ; LAPTOP-R81F0PUD  ; Windows 7 ; 6.2        ; x86_64         ;
; TimeQuest Timing Analyzer ; LAPTOP-R81F0PUD  ; Windows 7 ; 6.2        ; x86_64         ;
; EDA Netlist Writer        ; LAPTOP-R81F0PUD  ; Windows 7 ; 6.2        ; x86_64         ;
+---------------------------+------------------+-----------+------------+----------------+


------------
; Flow Log ;
------------
quartus_map --read_settings_files=on --write_settings_files=off MPSOC -c TopLevel
quartus_fit --read_settings_files=off --write_settings_files=off MPSOC -c TopLevel
quartus_asm --read_settings_files=off --write_settings_files=off MPSOC -c TopLevel
quartus_sta MPSOC -c TopLevel
quartus_eda --read_settings_files=off --write_settings_files=off MPSOC -c TopLevel



