Flow report for TopLevel
Fri Jan 06 19:31:09 2023
Quartus II 64-Bit Version 12.1 Build 177 11/07/2012 SJ Full Version


---------------------
; Table of Contents ;
---------------------
  1. Legal Notice
  2. Flow Summary
  3. Flow Settings
  4. Flow Non-Default Global Settings
  5. Flow Elapsed Time
  6. Flow OS Summary
  7. Flow Log



----------------
; Legal Notice ;
----------------
Copyright (C) 1991-2012 Altera Corporation
Your use of Altera Corporation's design tools, logic functions 
and other software and tools, and its AMPP partner logic 
functions, and any output files from any of the foregoing 
(including device programming or simulation files), and any 
associated documentation or information are expressly subject 
to the terms and conditions of the Altera Program License 
Subscription Agreement, Altera MegaCore Function License 
Agreement, or other applicable license agreement, including, 
without limitation, that your use is for the sole purpose of 
programming logic devices manufactured by Altera and sold by 
Altera or its authorized distributors.  Please refer to the 
applicable agreement for further details.



+--------------------------------------------------------------------------------+
; Flow Summary                                                                   ;
+------------------------------------+-------------------------------------------+
; Flow Status                        ; Successful - Fri Jan 06 19:31:09 2023     ;
; Quartus II 64-Bit Version          ; 12.1 Build 177 11/07/2012 SJ Full Version ;
; Revision Name                      ; TopLevel                                  ;
; Top-level Entity Name              ; TopLevel                                  ;
; Family                             ; Cyclone IV E                              ;
; Device                             ; EP4CE115F29C7                             ;
; Timing Models                      ; Final                                     ;
; Total logic elements               ; 3,465 / 114,480 ( 3 % )                   ;
;     Total combinational functions  ; 3,150 / 114,480 ( 3 % )                   ;
;     Dedicated logic registers      ; 2,082 / 114,480 ( 2 % )                   ;
; Total registers                    ; 2201                                      ;
; Total pins                         ; 66 / 529 ( 12 % )                         ;
; Total virtual pins                 ; 0                                         ;
; Total memory bits                  ; 47,296 / 3,981,312 ( 1 % )                ;
; Embedded Multiplier 9-bit elements ; 0 / 532 ( 0 % )                           ;
; Total PLLs                         ; 1 / 4 ( 25 % )                            ;
+------------------------------------+-------------------------------------------+


+-----------------------------------------+
; Flow Settings                           ;
+-------------------+---------------------+
; Option            ; Setting             ;
+-------------------+---------------------+
; Start date & time ; 01/06/2023 19:29:06 ;
; Main task         ; Compilation         ;
; Revision Name     ; TopLevel            ;
+-------------------+---------------------+


+---------------------------------------------------------------------------------------------------------------------------------------------------------------------------------+
; Flow Non-Default Global Settings                                                                                                                                                ;
+-------------------------------------+-------------------------------------------------------+---------------+--------------------------------------------------+----------------+
; Assignment Name                     ; Value                                                 ; Default Value ; Entity Name                                      ; Section Id     ;
+-------------------------------------+-------------------------------------------------------+---------------+--------------------------------------------------+----------------+
; COMPILER_SIGNATURE_ID               ; 238338871071562.167301354501060                       ; --            ; --                                               ; --             ;
; EDA_OUTPUT_DATA_FORMAT              ; Vhdl                                                  ; --            ; --                                               ; eda_simulation ;
; EDA_SIMULATION_TOOL                 ; ModelSim-Altera (VHDL)                                ; <None>        ; --                                               ; --             ;
; IP_TOOL_ENV                         ; qsys                                                  ; --            ; SoC                                              ; --             ;
; IP_TOOL_ENV                         ; qsys                                                  ; --            ; SoC_addr_router                                  ; --             ;
; IP_TOOL_ENV                         ; qsys                                                  ; --            ; SoC_addr_router_001                              ; --             ;
; IP_TOOL_ENV                         ; qsys                                                  ; --            ; SoC_addr_router_002                              ; --             ;
; IP_TOOL_ENV                         ; qsys                                                  ; --            ; SoC_cmd_xbar_demux                               ; --             ;
; IP_TOOL_ENV                         ; qsys                                                  ; --            ; SoC_cmd_xbar_demux_001                           ; --             ;
; IP_TOOL_ENV                         ; qsys                                                  ; --            ; SoC_cmd_xbar_demux_002                           ; --             ;
; IP_TOOL_ENV                         ; qsys                                                  ; --            ; SoC_cmd_xbar_mux                                 ; --             ;
; IP_TOOL_ENV                         ; qsys                                                  ; --            ; SoC_cpu                                          ; --             ;
; IP_TOOL_ENV                         ; qsys                                                  ; --            ; SoC_cpu_custom_instruction_master_multi_xconnect ; --             ;
; IP_TOOL_ENV                         ; qsys                                                  ; --            ; SoC_high_resolution_timer                        ; --             ;
; IP_TOOL_ENV                         ; qsys                                                  ; --            ; SoC_id_router                                    ; --             ;
; IP_TOOL_ENV                         ; qsys                                                  ; --            ; SoC_id_router_002                                ; --             ;
; IP_TOOL_ENV                         ; qsys                                                  ; --            ; SoC_id_router_006                                ; --             ;
; IP_TOOL_ENV                         ; qsys                                                  ; --            ; SoC_irq_mapper                                   ; --             ;
; IP_TOOL_ENV                         ; qsys                                                  ; --            ; SoC_jtag_uart                                    ; --             ;
; IP_TOOL_ENV                         ; qsys                                                  ; --            ; SoC_led_out                                      ; --             ;
; IP_TOOL_ENV                         ; qsys                                                  ; --            ; SoC_pll                                          ; --             ;
; IP_TOOL_ENV                         ; qsys                                                  ; --            ; SoC_rsp_xbar_demux                               ; --             ;
; IP_TOOL_ENV                         ; qsys                                                  ; --            ; SoC_rsp_xbar_demux_002                           ; --             ;
; IP_TOOL_ENV                         ; qsys                                                  ; --            ; SoC_rsp_xbar_demux_006                           ; --             ;
; IP_TOOL_ENV                         ; qsys                                                  ; --            ; SoC_rsp_xbar_mux                                 ; --             ;
; IP_TOOL_ENV                         ; qsys                                                  ; --            ; SoC_rsp_xbar_mux_001                             ; --             ;
; IP_TOOL_ENV                         ; qsys                                                  ; --            ; SoC_rsp_xbar_mux_002                             ; --             ;
; IP_TOOL_ENV                         ; qsys                                                  ; --            ; SoC_sdram_controller                             ; --             ;
; IP_TOOL_ENV                         ; qsys                                                  ; --            ; SoC_sysid                                        ; --             ;
; IP_TOOL_ENV                         ; qsys                                                  ; --            ; SoC_timer                                        ; --             ;
; IP_TOOL_ENV                         ; qsys                                                  ; --            ; altera_avalon_mm_clock_crossing_bridge           ; --             ;
; IP_TOOL_ENV                         ; qsys                                                  ; --            ; altera_avalon_sc_fifo                            ; --             ;
; IP_TOOL_ENV                         ; qsys                                                  ; --            ; altera_avalon_st_handshake_clock_crosser         ; --             ;
; IP_TOOL_ENV                         ; qsys                                                  ; --            ; altera_customins_master_translator               ; --             ;
; IP_TOOL_ENV                         ; qsys                                                  ; --            ; altera_customins_slave_translator                ; --             ;
; IP_TOOL_ENV                         ; qsys                                                  ; --            ; altera_irq_clock_crosser                         ; --             ;
; IP_TOOL_ENV                         ; qsys                                                  ; --            ; altera_merlin_master_agent                       ; --             ;
; IP_TOOL_ENV                         ; qsys                                                  ; --            ; altera_merlin_master_translator                  ; --             ;
; IP_TOOL_ENV                         ; qsys                                                  ; --            ; altera_merlin_slave_agent                        ; --             ;
; IP_TOOL_ENV                         ; qsys                                                  ; --            ; altera_merlin_slave_translator                   ; --             ;
; IP_TOOL_ENV                         ; qsys                                                  ; --            ; altera_merlin_traffic_limiter                    ; --             ;
; IP_TOOL_ENV                         ; qsys                                                  ; --            ; altera_reset_controller                          ; --             ;
; IP_TOOL_NAME                        ; qsys                                                  ; --            ; SoC                                              ; --             ;
; IP_TOOL_NAME                        ; altera_merlin_router                                  ; --            ; SoC_addr_router                                  ; --             ;
; IP_TOOL_NAME                        ; altera_merlin_router                                  ; --            ; SoC_addr_router_001                              ; --             ;
; IP_TOOL_NAME                        ; altera_merlin_router                                  ; --            ; SoC_addr_router_002                              ; --             ;
; IP_TOOL_NAME                        ; altera_merlin_demultiplexer                           ; --            ; SoC_cmd_xbar_demux                               ; --             ;
; IP_TOOL_NAME                        ; altera_merlin_demultiplexer                           ; --            ; SoC_cmd_xbar_demux_001                           ; --             ;
; IP_TOOL_NAME                        ; altera_merlin_demultiplexer                           ; --            ; SoC_cmd_xbar_demux_002                           ; --             ;
; IP_TOOL_NAME                        ; altera_merlin_multiplexer                             ; --            ; SoC_cmd_xbar_mux                                 ; --             ;
; IP_TOOL_NAME                        ; altera_nios2_qsys                                     ; --            ; SoC_cpu                                          ; --             ;
; IP_TOOL_NAME                        ; altera_customins_xconnect                             ; --            ; SoC_cpu_custom_instruction_master_multi_xconnect ; --             ;
; IP_TOOL_NAME                        ; altera_avalon_timer                                   ; --            ; SoC_high_resolution_timer                        ; --             ;
; IP_TOOL_NAME                        ; altera_merlin_router                                  ; --            ; SoC_id_router                                    ; --             ;
; IP_TOOL_NAME                        ; altera_merlin_router                                  ; --            ; SoC_id_router_002                                ; --             ;
; IP_TOOL_NAME                        ; altera_merlin_router                                  ; --            ; SoC_id_router_006                                ; --             ;
; IP_TOOL_NAME                        ; altera_irq_mapper                                     ; --            ; SoC_irq_mapper                                   ; --             ;
; IP_TOOL_NAME                        ; altera_avalon_jtag_uart                               ; --            ; SoC_jtag_uart                                    ; --             ;
; IP_TOOL_NAME                        ; altera_avalon_pio                                     ; --            ; SoC_led_out                                      ; --             ;
; IP_TOOL_NAME                        ; altpll                                                ; --            ; SoC_pll                                          ; --             ;
; IP_TOOL_NAME                        ; altera_merlin_demultiplexer                           ; --            ; SoC_rsp_xbar_demux                               ; --             ;
; IP_TOOL_NAME                        ; altera_merlin_demultiplexer                           ; --            ; SoC_rsp_xbar_demux_002                           ; --             ;
; IP_TOOL_NAME                        ; altera_merlin_demultiplexer                           ; --            ; SoC_rsp_xbar_demux_006                           ; --             ;
; IP_TOOL_NAME                        ; altera_merlin_multiplexer                             ; --            ; SoC_rsp_xbar_mux                                 ; --             ;
; IP_TOOL_NAME                        ; altera_merlin_multiplexer                             ; --            ; SoC_rsp_xbar_mux_001                             ; --             ;
; IP_TOOL_NAME                        ; altera_merlin_multiplexer                             ; --            ; SoC_rsp_xbar_mux_002                             ; --             ;
; IP_TOOL_NAME                        ; altera_avalon_new_sdram_controller                    ; --            ; SoC_sdram_controller                             ; --             ;
; IP_TOOL_NAME                        ; altera_avalon_sysid_qsys                              ; --            ; SoC_sysid                                        ; --             ;
; IP_TOOL_NAME                        ; altera_avalon_timer                                   ; --            ; SoC_timer                                        ; --             ;
; IP_TOOL_NAME                        ; altera_avalon_mm_clock_crossing_bridge                ; --            ; altera_avalon_mm_clock_crossing_bridge           ; --             ;
; IP_TOOL_NAME                        ; altera_avalon_sc_fifo                                 ; --            ; altera_avalon_sc_fifo                            ; --             ;
; IP_TOOL_NAME                        ; altera_avalon_st_handshake_clock_crosser              ; --            ; altera_avalon_st_handshake_clock_crosser         ; --             ;
; IP_TOOL_NAME                        ; altera_customins_master_translator                    ; --            ; altera_customins_master_translator               ; --             ;
; IP_TOOL_NAME                        ; altera_customins_slave_translator                     ; --            ; altera_customins_slave_translator                ; --             ;
; IP_TOOL_NAME                        ; altera_irq_clock_crosser                              ; --            ; altera_irq_clock_crosser                         ; --             ;
; IP_TOOL_NAME                        ; altera_merlin_master_agent                            ; --            ; altera_merlin_master_agent                       ; --             ;
; IP_TOOL_NAME                        ; altera_merlin_master_translator                       ; --            ; altera_merlin_master_translator                  ; --             ;
; IP_TOOL_NAME                        ; altera_merlin_slave_agent                             ; --            ; altera_merlin_slave_agent                        ; --             ;
; IP_TOOL_NAME                        ; altera_merlin_slave_translator                        ; --            ; altera_merlin_slave_translator                   ; --             ;
; IP_TOOL_NAME                        ; altera_merlin_traffic_limiter                         ; --            ; altera_merlin_traffic_limiter                    ; --             ;
; IP_TOOL_NAME                        ; altera_reset_controller                               ; --            ; altera_reset_controller                          ; --             ;
; IP_TOOL_VERSION                     ; 12.1                                                  ; --            ; SoC                                              ; --             ;
; IP_TOOL_VERSION                     ; 12.1                                                  ; --            ; SoC_addr_router                                  ; --             ;
; IP_TOOL_VERSION                     ; 12.1                                                  ; --            ; SoC_addr_router_001                              ; --             ;
; IP_TOOL_VERSION                     ; 12.1                                                  ; --            ; SoC_addr_router_002                              ; --             ;
; IP_TOOL_VERSION                     ; 12.1                                                  ; --            ; SoC_cmd_xbar_demux                               ; --             ;
; IP_TOOL_VERSION                     ; 12.1                                                  ; --            ; SoC_cmd_xbar_demux_001                           ; --             ;
; IP_TOOL_VERSION                     ; 12.1                                                  ; --            ; SoC_cmd_xbar_demux_002                           ; --             ;
; IP_TOOL_VERSION                     ; 12.1                                                  ; --            ; SoC_cmd_xbar_mux                                 ; --             ;
; IP_TOOL_VERSION                     ; 12.1                                                  ; --            ; SoC_cpu                                          ; --             ;
; IP_TOOL_VERSION                     ; 12.1                                                  ; --            ; SoC_cpu_custom_instruction_master_multi_xconnect ; --             ;
; IP_TOOL_VERSION                     ; 12.1                                                  ; --            ; SoC_high_resolution_timer                        ; --             ;
; IP_TOOL_VERSION                     ; 12.1                                                  ; --            ; SoC_id_router                                    ; --             ;
; IP_TOOL_VERSION                     ; 12.1                                                  ; --            ; SoC_id_router_002                                ; --             ;
; IP_TOOL_VERSION                     ; 12.1                                                  ; --            ; SoC_id_router_006                                ; --             ;
; IP_TOOL_VERSION                     ; 12.1                                                  ; --            ; SoC_irq_mapper                                   ; --             ;
; IP_TOOL_VERSION                     ; 12.1                                                  ; --            ; SoC_jtag_uart                                    ; --             ;
; IP_TOOL_VERSION                     ; 12.1                                                  ; --            ; SoC_led_out                                      ; --             ;
; IP_TOOL_VERSION                     ; 12.1                                                  ; --            ; SoC_pll                                          ; --             ;
; IP_TOOL_VERSION                     ; 12.1                                                  ; --            ; SoC_rsp_xbar_demux                               ; --             ;
; IP_TOOL_VERSION                     ; 12.1                                                  ; --            ; SoC_rsp_xbar_demux_002                           ; --             ;
; IP_TOOL_VERSION                     ; 12.1                                                  ; --            ; SoC_rsp_xbar_demux_006                           ; --             ;
; IP_TOOL_VERSION                     ; 12.1                                                  ; --            ; SoC_rsp_xbar_mux                                 ; --             ;
; IP_TOOL_VERSION                     ; 12.1                                                  ; --            ; SoC_rsp_xbar_mux_001                             ; --             ;
; IP_TOOL_VERSION                     ; 12.1                                                  ; --            ; SoC_rsp_xbar_mux_002                             ; --             ;
; IP_TOOL_VERSION                     ; 12.1                                                  ; --            ; SoC_sdram_controller                             ; --             ;
; IP_TOOL_VERSION                     ; 12.1                                                  ; --            ; SoC_sysid                                        ; --             ;
; IP_TOOL_VERSION                     ; 12.1                                                  ; --            ; SoC_timer                                        ; --             ;
; IP_TOOL_VERSION                     ; 12.1                                                  ; --            ; altera_avalon_mm_clock_crossing_bridge           ; --             ;
; IP_TOOL_VERSION                     ; 12.1                                                  ; --            ; altera_avalon_sc_fifo                            ; --             ;
; IP_TOOL_VERSION                     ; 12.1                                                  ; --            ; altera_avalon_st_handshake_clock_crosser         ; --             ;
; IP_TOOL_VERSION                     ; 12.1                                                  ; --            ; altera_customins_master_translator               ; --             ;
; IP_TOOL_VERSION                     ; 12.1                                                  ; --            ; altera_customins_slave_translator                ; --             ;
; IP_TOOL_VERSION                     ; 12.1                                                  ; --            ; altera_irq_clock_crosser                         ; --             ;
; IP_TOOL_VERSION                     ; 12.1                                                  ; --            ; altera_merlin_master_agent                       ; --             ;
; IP_TOOL_VERSION                     ; 12.1                                                  ; --            ; altera_merlin_master_translator                  ; --             ;
; IP_TOOL_VERSION                     ; 12.1                                                  ; --            ; altera_merlin_slave_agent                        ; --             ;
; IP_TOOL_VERSION                     ; 12.1                                                  ; --            ; altera_merlin_slave_translator                   ; --             ;
; IP_TOOL_VERSION                     ; 12.1                                                  ; --            ; altera_merlin_traffic_limiter                    ; --             ;
; IP_TOOL_VERSION                     ; 12.1                                                  ; --            ; altera_reset_controller                          ; --             ;
; MAX_CORE_JUNCTION_TEMP              ; 85                                                    ; --            ; --                                               ; --             ;
; MIN_CORE_JUNCTION_TEMP              ; 0                                                     ; --            ; --                                               ; --             ;
; MISC_FILE                           ; SoC/synthesis/../../SoC.cmp                           ; --            ; --                                               ; --             ;
; MISC_FILE                           ; SoC/synthesis/../../SoC.qsys                          ; --            ; --                                               ; --             ;
; NOMINAL_CORE_SUPPLY_VOLTAGE         ; 1.2V                                                  ; --            ; --                                               ; --             ;
; PARTITION_COLOR                     ; 16764057                                              ; --            ; --                                               ; Top            ;
; PARTITION_FITTER_PRESERVATION_LEVEL ; PLACEMENT_AND_ROUTING                                 ; --            ; --                                               ; Top            ;
; PARTITION_NETLIST_TYPE              ; SOURCE                                                ; --            ; --                                               ; Top            ;
; PROJECT_OUTPUT_DIRECTORY            ; output_files                                          ; --            ; --                                               ; --             ;
; SLD_INFO                            ; QSYS_NAME SoC HAS_SOPCINFO 1 GENERATION_ID 1672894844 ; --            ; SoC                                              ; --             ;
; SOPCINFO_FILE                       ; SoC/synthesis/../../SoC.sopcinfo                      ; --            ; --                                               ; --             ;
; SYNTHESIS_ONLY_QIP                  ; On                                                    ; --            ; --                                               ; --             ;
+-------------------------------------+-------------------------------------------------------+---------------+--------------------------------------------------+----------------+


+-------------------------------------------------------------------------------------------------------------------------------+
; Flow Elapsed Time                                                                                                             ;
+---------------------------+--------------+-------------------------+---------------------+------------------------------------+
; Module Name               ; Elapsed Time ; Average Processors Used ; Peak Virtual Memory ; Total CPU Time (on all processors) ;
+---------------------------+--------------+-------------------------+---------------------+------------------------------------+
; Analysis & Synthesis      ; 00:00:34     ; 1.0                     ; 4760 MB             ; 00:00:19                           ;
; Fitter                    ; 00:00:51     ; 1.1                     ; 5070 MB             ; 00:00:45                           ;
; Assembler                 ; 00:00:10     ; 1.0                     ; 4607 MB             ; 00:00:05                           ;
; TimeQuest Timing Analyzer ; 00:00:10     ; 1.3                     ; 4733 MB             ; 00:00:05                           ;
; EDA Netlist Writer        ; 00:00:10     ; 1.0                     ; 4604 MB             ; 00:00:05                           ;
; Total                     ; 00:01:55     ; --                      ; --                  ; 00:01:19                           ;
+---------------------------+--------------+-------------------------+---------------------+------------------------------------+


+----------------------------------------------------------------------------------------+
; Flow OS Summary                                                                        ;
+---------------------------+------------------+-----------+------------+----------------+
; Module Name               ; Machine Hostname ; OS Name   ; OS Version ; Processor type ;
+---------------------------+------------------+-----------+------------+----------------+
; Analysis & Synthesis      ; LAPTOP-R81F0PUD  ; Windows 7 ; 6.2        ; x86_64         ;
; Fitter                    ; LAPTOP-R81F0PUD  ; Windows 7 ; 6.2        ; x86_64         ;
; Assembler                 ; LAPTOP-R81F0PUD  ; Windows 7 ; 6.2        ; x86_64         ;
; TimeQuest Timing Analyzer ; LAPTOP-R81F0PUD  ; Windows 7 ; 6.2        ; x86_64         ;
; EDA Netlist Writer        ; LAPTOP-R81F0PUD  ; Windows 7 ; 6.2        ; x86_64         ;
+---------------------------+------------------+-----------+------------+----------------+


------------
; Flow Log ;
------------
quartus_map --read_settings_files=on --write_settings_files=off JSoC -c TopLevel
quartus_fit --read_settings_files=off --write_settings_files=off JSoC -c TopLevel
quartus_asm --read_settings_files=off --write_settings_files=off JSoC -c TopLevel
quartus_sta JSoC -c TopLevel
quartus_eda --read_settings_files=off --write_settings_files=off JSoC -c TopLevel



