Info: Starting: Create block symbol file (.bsf)
Info: ip-generate --project-directory=D:/CO503AdvancedEmbeddedSystems/Newfolder/JFEG_MPSOC/ --output-directory=D:/CO503AdvancedEmbeddedSystems/Newfolder/JFEG_MPSOC/SoC/ --report-file=bsf:D:/CO503AdvancedEmbeddedSystems/Newfolder/JFEG_MPSOC/SoC.bsf --system-info=DEVICE_FAMILY="Cyclone IV E" --system-info=DEVICE=EP4CE115F29C7 --system-info=DEVICE_SPEEDGRADE=7 --component-file=D:/CO503AdvancedEmbeddedSystems/Newfolder/JFEG_MPSOC/SoC.qsys
Progress: Loading JFEG_MPSOC/SoC.qsys
Progress: Reading input file
Progress: Adding clock [clock_source 12.1]
Progress: Parameterizing module clock
Progress: Adding instruction_mem_0 [altera_avalon_onchip_memory2 12.1]
Progress: Parameterizing module instruction_mem_0
Progress: Adding data_mem_0 [altera_avalon_onchip_memory2 12.1]
Progress: Parameterizing module data_mem_0
Progress: Adding cpu_0 [altera_nios2_qsys 12.1]
Progress: Parameterizing module cpu_0
Progress: Adding jtag_uart_0 [altera_avalon_jtag_uart 12.1]
Progress: Parameterizing module jtag_uart_0
Progress: Adding timer_0 [altera_avalon_timer 12.1]
Progress: Parameterizing module timer_0
Progress: Adding instruction_mem_1 [altera_avalon_onchip_memory2 12.1]
Progress: Parameterizing module instruction_mem_1
Progress: Adding data_mem_1 [altera_avalon_onchip_memory2 12.1]
Progress: Parameterizing module data_mem_1
Progress: Adding cpu_1 [altera_nios2_qsys 12.1]
Progress: Parameterizing module cpu_1
Progress: Adding jtag_uart_1 [altera_avalon_jtag_uart 12.1]
Progress: Parameterizing module jtag_uart_1
Progress: Adding timer_1 [altera_avalon_timer 12.1]
Progress: Parameterizing module timer_1
Progress: Adding instruction_mem_2 [altera_avalon_onchip_memory2 12.1]
Progress: Parameterizing module instruction_mem_2
Progress: Adding data_mem_2 [altera_avalon_onchip_memory2 12.1]
Progress: Parameterizing module data_mem_2
Progress: Adding cpu_2 [altera_nios2_qsys 12.1]
Progress: Parameterizing module cpu_2
Progress: Adding jtag_uart_2 [altera_avalon_jtag_uart 12.1]
Progress: Parameterizing module jtag_uart_2
Progress: Adding timer_2 [altera_avalon_timer 12.1]
Progress: Parameterizing module timer_2
Progress: Adding instruction_mem_3 [altera_avalon_onchip_memory2 12.1]
Progress: Parameterizing module instruction_mem_3
Progress: Adding data_mem_3 [altera_avalon_onchip_memory2 12.1]
Progress: Parameterizing module data_mem_3
Progress: Adding cpu_3 [altera_nios2_qsys 12.1]
Progress: Parameterizing module cpu_3
Progress: Adding jtag_uart_3 [altera_avalon_jtag_uart 12.1]
Progress: Parameterizing module jtag_uart_3
Progress: Adding timer_3 [altera_avalon_timer 12.1]
Progress: Parameterizing module timer_3
Progress: Adding instruction_mem_4 [altera_avalon_onchip_memory2 12.1]
Progress: Parameterizing module instruction_mem_4
Progress: Adding data_mem_4 [altera_avalon_onchip_memory2 12.1]
Progress: Parameterizing module data_mem_4
Progress: Adding cpu_4 [altera_nios2_qsys 12.1]
Progress: Parameterizing module cpu_4
Progress: Adding jtag_uart_4 [altera_avalon_jtag_uart 12.1]
Progress: Parameterizing module jtag_uart_4
Progress: Adding timer_4 [altera_avalon_timer 12.1]
Progress: Parameterizing module timer_4
Progress: Adding instruction_mem_5 [altera_avalon_onchip_memory2 12.1]
Progress: Parameterizing module instruction_mem_5
Progress: Adding data_mem_5 [altera_avalon_onchip_memory2 12.1]
Progress: Parameterizing module data_mem_5
Progress: Adding cpu_5 [altera_nios2_qsys 12.1]
Progress: Parameterizing module cpu_5
Progress: Adding jtag_uart_5 [altera_avalon_jtag_uart 12.1]
Progress: Parameterizing module jtag_uart_5
Progress: Adding timer_5 [altera_avalon_timer 12.1]
Progress: Parameterizing module timer_5
Progress: Adding fifo_0_stage1_to_2 [altera_avalon_fifo 12.1]
Progress: Parameterizing module fifo_0_stage1_to_2
Progress: Adding fifo_1_stage1_to_2 [altera_avalon_fifo 12.1]
Progress: Parameterizing module fifo_1_stage1_to_2
Progress: Adding fifo_2_stage1_to_2 [altera_avalon_fifo 12.1]
Progress: Parameterizing module fifo_2_stage1_to_2
Progress: Adding fifo_stage1_to_4 [altera_avalon_fifo 12.1]
Progress: Parameterizing module fifo_stage1_to_4
Progress: Adding fifo_stage1_to_5 [altera_avalon_fifo 12.1]
Progress: Parameterizing module fifo_stage1_to_5
Progress: Adding fifo_stage1_to_6 [altera_avalon_fifo 12.1]
Progress: Parameterizing module fifo_stage1_to_6
Progress: Adding fifo_stage2_to_3 [altera_avalon_fifo 12.1]
Progress: Parameterizing module fifo_stage2_to_3
Progress: Adding fifo_stage3_to_4 [altera_avalon_fifo 12.1]
Progress: Parameterizing module fifo_stage3_to_4
Progress: Adding fifo_stage4_to_5 [altera_avalon_fifo 12.1]
Progress: Parameterizing module fifo_stage4_to_5
Progress: Adding fifo_stage5_to_6 [altera_avalon_fifo 12.1]
Progress: Parameterizing module fifo_stage5_to_6
Progress: Building connections
Progress: Parameterizing connections
Progress: Validating
Progress: Done reading input file
Info: SoC.instruction_mem_0: Memory will be initialized from instruction_mem_0.hex
Info: SoC.data_mem_0: Memory will be initialized from data_mem_0.hex
Info: SoC.instruction_mem_1: Memory will be initialized from instruction_mem_1.hex
Info: SoC.data_mem_1: Memory will be initialized from data_mem_1.hex
Info: SoC.instruction_mem_2: Memory will be initialized from instruction_mem_2.hex
Info: SoC.data_mem_2: Memory will be initialized from data_mem_2.hex
Info: SoC.instruction_mem_3: Memory will be initialized from instruction_mem_3.hex
Info: SoC.data_mem_3: Memory will be initialized from data_mem_3.hex
Info: SoC.instruction_mem_4: Memory will be initialized from instruction_mem_4.hex
Info: SoC.data_mem_4: Memory will be initialized from data_mem_4.hex
Info: SoC.instruction_mem_5: Memory will be initialized from instruction_mem_5.hex
Info: SoC.data_mem_5: Memory will be initialized from data_mem_5.hex
Warning: SoC.fifo_stage1_to_6: The Nios II HAL drivers for the Altera Avalon FIFO support only 32-bit data width.  If you connect this FIFO to a Nios II CPU, you will need to access the registers directly.
Warning: SoC.fifo_0_stage1_to_2: Interrupt sender fifo_0_stage1_to_2.in_irq is not connected to an interrupt receiver
Warning: SoC.fifo_1_stage1_to_2: Interrupt sender fifo_1_stage1_to_2.in_irq is not connected to an interrupt receiver
Warning: SoC.fifo_2_stage1_to_2: Interrupt sender fifo_2_stage1_to_2.in_irq is not connected to an interrupt receiver
Warning: SoC.fifo_stage1_to_4: Interrupt sender fifo_stage1_to_4.in_irq is not connected to an interrupt receiver
Warning: SoC.fifo_stage1_to_5: Interrupt sender fifo_stage1_to_5.in_irq is not connected to an interrupt receiver
Warning: SoC.fifo_stage1_to_6: Interrupt sender fifo_stage1_to_6.in_irq is not connected to an interrupt receiver
Warning: SoC.fifo_stage2_to_3: Interrupt sender fifo_stage2_to_3.in_irq is not connected to an interrupt receiver
Warning: SoC.fifo_stage3_to_4: Interrupt sender fifo_stage3_to_4.in_irq is not connected to an interrupt receiver
Warning: SoC.fifo_stage4_to_5: Interrupt sender fifo_stage4_to_5.in_irq is not connected to an interrupt receiver
Warning: SoC.fifo_stage5_to_6: Interrupt sender fifo_stage5_to_6.in_irq is not connected to an interrupt receiver
Info: ip-generate succeeded.
Info: Finished: Create block symbol file (.bsf)
Info: 
Info: Starting: Create HDL design files for synthesis
Info: ip-generate --project-directory=D:/CO503AdvancedEmbeddedSystems/Newfolder/JFEG_MPSOC/ --output-directory=D:/CO503AdvancedEmbeddedSystems/Newfolder/JFEG_MPSOC/SoC/synthesis/ --file-set=QUARTUS_SYNTH --report-file=sopcinfo:D:/CO503AdvancedEmbeddedSystems/Newfolder/JFEG_MPSOC/SoC.sopcinfo --report-file=html:D:/CO503AdvancedEmbeddedSystems/Newfolder/JFEG_MPSOC/SoC.html --report-file=qip:D:/CO503AdvancedEmbeddedSystems/Newfolder/JFEG_MPSOC/SoC/synthesis/SoC.qip --report-file=cmp:D:/CO503AdvancedEmbeddedSystems/Newfolder/JFEG_MPSOC/SoC.cmp --system-info=DEVICE_FAMILY="Cyclone IV E" --system-info=DEVICE=EP4CE115F29C7 --system-info=DEVICE_SPEEDGRADE=7 --component-file=D:/CO503AdvancedEmbeddedSystems/Newfolder/JFEG_MPSOC/SoC.qsys
Progress: Loading JFEG_MPSOC/SoC.qsys
Progress: Reading input file
Progress: Adding clock [clock_source 12.1]
Progress: Parameterizing module clock
Progress: Adding instruction_mem_0 [altera_avalon_onchip_memory2 12.1]
Progress: Parameterizing module instruction_mem_0
Progress: Adding data_mem_0 [altera_avalon_onchip_memory2 12.1]
Progress: Parameterizing module data_mem_0
Progress: Adding cpu_0 [altera_nios2_qsys 12.1]
Progress: Parameterizing module cpu_0
Progress: Adding jtag_uart_0 [altera_avalon_jtag_uart 12.1]
Progress: Parameterizing module jtag_uart_0
Progress: Adding timer_0 [altera_avalon_timer 12.1]
Progress: Parameterizing module timer_0
Progress: Adding instruction_mem_1 [altera_avalon_onchip_memory2 12.1]
Progress: Parameterizing module instruction_mem_1
Progress: Adding data_mem_1 [altera_avalon_onchip_memory2 12.1]
Progress: Parameterizing module data_mem_1
Progress: Adding cpu_1 [altera_nios2_qsys 12.1]
Progress: Parameterizing module cpu_1
Progress: Adding jtag_uart_1 [altera_avalon_jtag_uart 12.1]
Progress: Parameterizing module jtag_uart_1
Progress: Adding timer_1 [altera_avalon_timer 12.1]
Progress: Parameterizing module timer_1
Progress: Adding instruction_mem_2 [altera_avalon_onchip_memory2 12.1]
Progress: Parameterizing module instruction_mem_2
Progress: Adding data_mem_2 [altera_avalon_onchip_memory2 12.1]
Progress: Parameterizing module data_mem_2
Progress: Adding cpu_2 [altera_nios2_qsys 12.1]
Progress: Parameterizing module cpu_2
Progress: Adding jtag_uart_2 [altera_avalon_jtag_uart 12.1]
Progress: Parameterizing module jtag_uart_2
Progress: Adding timer_2 [altera_avalon_timer 12.1]
Progress: Parameterizing module timer_2
Progress: Adding instruction_mem_3 [altera_avalon_onchip_memory2 12.1]
Progress: Parameterizing module instruction_mem_3
Progress: Adding data_mem_3 [altera_avalon_onchip_memory2 12.1]
Progress: Parameterizing module data_mem_3
Progress: Adding cpu_3 [altera_nios2_qsys 12.1]
Progress: Parameterizing module cpu_3
Progress: Adding jtag_uart_3 [altera_avalon_jtag_uart 12.1]
Progress: Parameterizing module jtag_uart_3
Progress: Adding timer_3 [altera_avalon_timer 12.1]
Progress: Parameterizing module timer_3
Progress: Adding instruction_mem_4 [altera_avalon_onchip_memory2 12.1]
Progress: Parameterizing module instruction_mem_4
Progress: Adding data_mem_4 [altera_avalon_onchip_memory2 12.1]
Progress: Parameterizing module data_mem_4
Progress: Adding cpu_4 [altera_nios2_qsys 12.1]
Progress: Parameterizing module cpu_4
Progress: Adding jtag_uart_4 [altera_avalon_jtag_uart 12.1]
Progress: Parameterizing module jtag_uart_4
Progress: Adding timer_4 [altera_avalon_timer 12.1]
Progress: Parameterizing module timer_4
Progress: Adding instruction_mem_5 [altera_avalon_onchip_memory2 12.1]
Progress: Parameterizing module instruction_mem_5
Progress: Adding data_mem_5 [altera_avalon_onchip_memory2 12.1]
Progress: Parameterizing module data_mem_5
Progress: Adding cpu_5 [altera_nios2_qsys 12.1]
Progress: Parameterizing module cpu_5
Progress: Adding jtag_uart_5 [altera_avalon_jtag_uart 12.1]
Progress: Parameterizing module jtag_uart_5
Progress: Adding timer_5 [altera_avalon_timer 12.1]
Progress: Parameterizing module timer_5
Progress: Adding fifo_0_stage1_to_2 [altera_avalon_fifo 12.1]
Progress: Parameterizing module fifo_0_stage1_to_2
Progress: Adding fifo_1_stage1_to_2 [altera_avalon_fifo 12.1]
Progress: Parameterizing module fifo_1_stage1_to_2
Progress: Adding fifo_2_stage1_to_2 [altera_avalon_fifo 12.1]
Progress: Parameterizing module fifo_2_stage1_to_2
Progress: Adding fifo_stage1_to_4 [altera_avalon_fifo 12.1]
Progress: Parameterizing module fifo_stage1_to_4
Progress: Adding fifo_stage1_to_5 [altera_avalon_fifo 12.1]
Progress: Parameterizing module fifo_stage1_to_5
Progress: Adding fifo_stage1_to_6 [altera_avalon_fifo 12.1]
Progress: Parameterizing module fifo_stage1_to_6
Progress: Adding fifo_stage2_to_3 [altera_avalon_fifo 12.1]
Progress: Parameterizing module fifo_stage2_to_3
Progress: Adding fifo_stage3_to_4 [altera_avalon_fifo 12.1]
Progress: Parameterizing module fifo_stage3_to_4
Progress: Adding fifo_stage4_to_5 [altera_avalon_fifo 12.1]
Progress: Parameterizing module fifo_stage4_to_5
Progress: Adding fifo_stage5_to_6 [altera_avalon_fifo 12.1]
Progress: Parameterizing module fifo_stage5_to_6
Progress: Building connections
Progress: Parameterizing connections
Progress: Validating
Progress: Done reading input file
Info: SoC.instruction_mem_0: Memory will be initialized from instruction_mem_0.hex
Info: SoC.data_mem_0: Memory will be initialized from data_mem_0.hex
Info: SoC.instruction_mem_1: Memory will be initialized from instruction_mem_1.hex
Info: SoC.data_mem_1: Memory will be initialized from data_mem_1.hex
Info: SoC.instruction_mem_2: Memory will be initialized from instruction_mem_2.hex
Info: SoC.data_mem_2: Memory will be initialized from data_mem_2.hex
Info: SoC.instruction_mem_3: Memory will be initialized from instruction_mem_3.hex
Info: SoC.data_mem_3: Memory will be initialized from data_mem_3.hex
Info: SoC.instruction_mem_4: Memory will be initialized from instruction_mem_4.hex
Info: SoC.data_mem_4: Memory will be initialized from data_mem_4.hex
Info: SoC.instruction_mem_5: Memory will be initialized from instruction_mem_5.hex
Info: SoC.data_mem_5: Memory will be initialized from data_mem_5.hex
Warning: SoC.fifo_stage1_to_6: The Nios II HAL drivers for the Altera Avalon FIFO support only 32-bit data width.  If you connect this FIFO to a Nios II CPU, you will need to access the registers directly.
Warning: SoC.fifo_0_stage1_to_2: Interrupt sender fifo_0_stage1_to_2.in_irq is not connected to an interrupt receiver
Warning: SoC.fifo_1_stage1_to_2: Interrupt sender fifo_1_stage1_to_2.in_irq is not connected to an interrupt receiver
Warning: SoC.fifo_2_stage1_to_2: Interrupt sender fifo_2_stage1_to_2.in_irq is not connected to an interrupt receiver
Warning: SoC.fifo_stage1_to_4: Interrupt sender fifo_stage1_to_4.in_irq is not connected to an interrupt receiver
Warning: SoC.fifo_stage1_to_5: Interrupt sender fifo_stage1_to_5.in_irq is not connected to an interrupt receiver
Warning: SoC.fifo_stage1_to_6: Interrupt sender fifo_stage1_to_6.in_irq is not connected to an interrupt receiver
Warning: SoC.fifo_stage2_to_3: Interrupt sender fifo_stage2_to_3.in_irq is not connected to an interrupt receiver
Warning: SoC.fifo_stage3_to_4: Interrupt sender fifo_stage3_to_4.in_irq is not connected to an interrupt receiver
Warning: SoC.fifo_stage4_to_5: Interrupt sender fifo_stage4_to_5.in_irq is not connected to an interrupt receiver
Warning: SoC.fifo_stage5_to_6: Interrupt sender fifo_stage5_to_6.in_irq is not connected to an interrupt receiver
Info: SoC: Generating SoC "SoC" for QUARTUS_SYNTH
Info: pipeline_bridge_swap_transform: After transform: 41 modules, 223 connections
Info: No custom instruction connections, skipping transform 
Info: merlin_translator_transform: After transform: 113 modules, 522 connections
Info: merlin_domain_transform: After transform: 246 modules, 1487 connections
Info: merlin_router_transform: After transform: 318 modules, 1786 connections
Info: merlin_traffic_limiter_transform: After transform: 324 modules, 1810 connections
Info: merlin_burst_transform: After transform: 326 modules, 1820 connections
Info: reset_adaptation_transform: After transform: 341 modules, 1410 connections
Info: merlin_network_to_switch_transform: After transform: 484 modules, 1730 connections
Info: merlin_width_transform: After transform: 488 modules, 1742 connections
Info: limiter_update_transform: After transform: 488 modules, 1748 connections
Info: merlin_interrupt_mapper_transform: After transform: 494 modules, 1766 connections
Info: Starting classic module elaboration.
      5 [main] sh 6232 find_fast_cwd: WARNING: Couldn't compute FAST_CWD pointer.  Please report this problem to
the public mailing list cygwin@cygwin.com
Qt: Untested Windows version 6.2 detected!
"c:/altera/12.1/quartus/bin/jre/bin/java.exe" -Xmx512M -classpath "c:/altera/12.1/quartus/sopc_builder/bin/sopc_builder.jar;c:/altera/12.1/quartus/sopc_builder/bin/PinAssigner.jar;c:/altera/12.1/quartus/sopc_builder/bin/sopc_wizard.jar;c:/altera/12.1/quartus/sopc_builder/bin/jptf.jar" sopc_builder.sopc_builder  -d"c:/altera/12.1/quartus/sopc_builder" -notalkback=1 -projectnameyysystem.qpf -projectpathC:/Users/RANDIKA/AppData/Local/Temp/alt9370_6345438422393240420.dir/0372_sopclgen  --no_splash --refresh C:/Users/RANDIKA/AppData/Local/Temp/alt9370_6345438422393240420.dir/0372_sopclgen/yysystem.v --quartus_dir="c:/altera/12.1/quartus" --sopc_perl="c:/altera/12.1/quartus/bin/perl" --sopc_lib_path="++c:/altera/12.1/quartus/../ip/altera/sopc_builder_ip+c:/altera/12.1/quartus/../ip/altera/nios2_ip"
Info: Finished elaborating classic module.
Executing: C:/altera/12.1/quartus//sopc_builder/bin/sopc_builder --classic --generate C:/Users/RANDIKA/AppData/Local/Temp/alt9370_6345438422393240420.dir/0372_sopclgen/yysystem.ptf
Info: Running sopc_builder...
      1 [main] sh 7968 find_fast_cwd: WARNING: Couldn't compute FAST_CWD pointer.  Please report this problem to
the public mailing list cygwin@cygwin.com
Qt: Untested Windows version 6.2 detected!
"c:/altera/12.1/quartus/bin/jre/bin/java.exe" -Xmx512M -classpath "c:/altera/12.1/quartus/sopc_builder/bin/sopc_builder.jar;c:/altera/12.1/quartus/sopc_builder/bin/PinAssigner.jar;c:/altera/12.1/quartus/sopc_builder/bin/sopc_wizard.jar;c:/altera/12.1/quartus/sopc_builder/bin/jptf.jar" sopc_builder.sopc_builder  -d"c:/altera/12.1/quartus/sopc_builder" -notalkback=1 -projectnameyysystem.qpf -projectpathC:/Users/RANDIKA/AppData/Local/Temp/alt9370_6345438422393240420.dir/0372_sopclgen  --generate C:/Users/RANDIKA/AppData/Local/Temp/alt9370_6345438422393240420.dir/0372_sopclgen/yysystem.v --quartus_dir="c:/altera/12.1/quartus" --sopc_perl="c:/altera/12.1/quartus/bin/perl" --sopc_lib_path="++c:/altera/12.1/quartus/../ip/altera/sopc_builder_ip+c:/altera/12.1/quartus/../ip/altera/nios2_ip"
No .sopc_builder configuration file(!)
.
# 2023.01.13 18:58:06 (*) Success: sopc_builder finished.
Info: instruction_mem_0: "SoC" instantiated altera_avalon_onchip_memory2 "instruction_mem_0"
Info: Starting classic module elaboration.
      1 [main] sh 1800 find_fast_cwd: WARNING: Couldn't compute FAST_CWD pointer.  Please report this problem to
the public mailing list cygwin@cygwin.com
Qt: Untested Windows version 6.2 detected!
"c:/altera/12.1/quartus/bin/jre/bin/java.exe" -Xmx512M -classpath "c:/altera/12.1/quartus/sopc_builder/bin/sopc_builder.jar;c:/altera/12.1/quartus/sopc_builder/bin/PinAssigner.jar;c:/altera/12.1/quartus/sopc_builder/bin/sopc_wizard.jar;c:/altera/12.1/quartus/sopc_builder/bin/jptf.jar" sopc_builder.sopc_builder  -d"c:/altera/12.1/quartus/sopc_builder" -notalkback=1 -projectnameyysystem.qpf -projectpathC:/Users/RANDIKA/AppData/Local/Temp/alt9370_6345438422393240420.dir/0373_sopclgen  --no_splash --refresh C:/Users/RANDIKA/AppData/Local/Temp/alt9370_6345438422393240420.dir/0373_sopclgen/yysystem.v --quartus_dir="c:/altera/12.1/quartus" --sopc_perl="c:/altera/12.1/quartus/bin/perl" --sopc_lib_path="++c:/altera/12.1/quartus/../ip/altera/sopc_builder_ip+c:/altera/12.1/quartus/../ip/altera/nios2_ip"
Info: Finished elaborating classic module.
Executing: C:/altera/12.1/quartus//sopc_builder/bin/sopc_builder --classic --generate C:/Users/RANDIKA/AppData/Local/Temp/alt9370_6345438422393240420.dir/0373_sopclgen/yysystem.ptf
Info: Running sopc_builder...
      1 [main] sh 1232 find_fast_cwd: WARNING: Couldn't compute FAST_CWD pointer.  Please report this problem to
the public mailing list cygwin@cygwin.com
Qt: Untested Windows version 6.2 detected!
"c:/altera/12.1/quartus/bin/jre/bin/java.exe" -Xmx512M -classpath "c:/altera/12.1/quartus/sopc_builder/bin/sopc_builder.jar;c:/altera/12.1/quartus/sopc_builder/bin/PinAssigner.jar;c:/altera/12.1/quartus/sopc_builder/bin/sopc_wizard.jar;c:/altera/12.1/quartus/sopc_builder/bin/jptf.jar" sopc_builder.sopc_builder  -d"c:/altera/12.1/quartus/sopc_builder" -notalkback=1 -projectnameyysystem.qpf -projectpathC:/Users/RANDIKA/AppData/Local/Temp/alt9370_6345438422393240420.dir/0373_sopclgen  --generate C:/Users/RANDIKA/AppData/Local/Temp/alt9370_6345438422393240420.dir/0373_sopclgen/yysystem.v --quartus_dir="c:/altera/12.1/quartus" --sopc_perl="c:/altera/12.1/quartus/bin/perl" --sopc_lib_path="++c:/altera/12.1/quartus/../ip/altera/sopc_builder_ip+c:/altera/12.1/quartus/../ip/altera/nios2_ip"
No .sopc_builder configuration file(!)
.
# 2023.01.13 18:58:13 (*) Success: sopc_builder finished.
Info: data_mem_0: "SoC" instantiated altera_avalon_onchip_memory2 "data_mem_0"
Info: cpu_0: Starting RTL generation for module 'SoC_cpu_0'
Info: cpu_0:   Generation command is [exec C:/altera/12.1/quartus/../ip/altera/nios2_ip/altera_nios2/eperl.exe -I C:/altera/12.1/quartus/common/ip/altera/common/perl/5.8.3 -I C:/altera/12.1/quartus/sopc_builder/bin/europa -I C:/altera/12.1/quartus/sopc_builder/bin/perl_lib -I C:/altera/12.1/quartus/sopc_builder/bin -I C:/altera/12.1/quartus/../ip/altera/nios2_ip/altera_nios2/cpu_lib -I C:/altera/12.1/quartus/../ip/altera/nios2_ip/altera_nios2/nios_lib -I C:/altera/12.1/quartus/../ip/altera/nios2_ip/altera_nios2 -I C:/altera/12.1/quartus/../ip/altera/nios2_ip/altera_nios2 -- C:/altera/12.1/quartus/../ip/altera/nios2_ip/altera_nios2/generate_rtl.epl --name=SoC_cpu_0 --dir=C:/Users/RANDIKA/AppData/Local/Temp/alt9370_6345438422393240420.dir/0374_cpu_0_gen/ --quartus_dir=C:/altera/12.1/quartus --verilog --config=C:/Users/RANDIKA/AppData/Local/Temp/alt9370_6345438422393240420.dir/0374_cpu_0_gen//SoC_cpu_0_processor_configuration.pl  --do_build_sim=0    --bogus  ]
Info: cpu_0: # 2023.01.13 18:58:14 (*) Starting Nios II generation
Info: cpu_0: # 2023.01.13 18:58:14 (*)   Checking for plaintext license.
Info: cpu_0: # 2023.01.13 18:58:16 (*)   Plaintext license not found.
Info: cpu_0: # 2023.01.13 18:58:16 (*)   Checking for encrypted license (non-evaluation).
Info: cpu_0: # 2023.01.13 18:58:18 (*)   Encrypted license found.  SOF will not be time-limited.
Info: cpu_0: # 2023.01.13 18:58:18 (*)   Elaborating CPU configuration settings
Info: cpu_0: # 2023.01.13 18:58:18 (*)   Creating all objects for CPU
Info: cpu_0: # 2023.01.13 18:58:19 (*)     Pipeline frontend
Info: cpu_0: # 2023.01.13 18:58:20 (*)   Generating RTL from CPU objects
Info: cpu_0: # 2023.01.13 18:58:23 (*)   Creating encrypted RTL
Info: cpu_0: # 2023.01.13 18:58:24 (*) Done Nios II generation
Info: cpu_0: Done RTL generation for module 'SoC_cpu_0'
Info: cpu_0: "SoC" instantiated altera_nios2_qsys "cpu_0"
Info: Starting classic module elaboration.
      1 [main] sh 2468 find_fast_cwd: WARNING: Couldn't compute FAST_CWD pointer.  Please report this problem to
the public mailing list cygwin@cygwin.com
Qt: Untested Windows version 6.2 detected!
"c:/altera/12.1/quartus/bin/jre/bin/java.exe" -Xmx512M -classpath "c:/altera/12.1/quartus/sopc_builder/bin/sopc_builder.jar;c:/altera/12.1/quartus/sopc_builder/bin/PinAssigner.jar;c:/altera/12.1/quartus/sopc_builder/bin/sopc_wizard.jar;c:/altera/12.1/quartus/sopc_builder/bin/jptf.jar" sopc_builder.sopc_builder  -d"c:/altera/12.1/quartus/sopc_builder" -notalkback=1 -projectnameyysystem.qpf -projectpathC:/Users/RANDIKA/AppData/Local/Temp/alt9370_6345438422393240420.dir/0375_sopclgen  --no_splash --refresh C:/Users/RANDIKA/AppData/Local/Temp/alt9370_6345438422393240420.dir/0375_sopclgen/yysystem.v --quartus_dir="c:/altera/12.1/quartus" --sopc_perl="c:/altera/12.1/quartus/bin/perl" --sopc_lib_path="++c:/altera/12.1/quartus/../ip/altera/sopc_builder_ip+c:/altera/12.1/quartus/../ip/altera/nios2_ip"
Info: Finished elaborating classic module.
Executing: C:/altera/12.1/quartus//sopc_builder/bin/sopc_builder --classic --generate C:/Users/RANDIKA/AppData/Local/Temp/alt9370_6345438422393240420.dir/0375_sopclgen/yysystem.ptf
Info: Running sopc_builder...
      1 [main] sh 8508 find_fast_cwd: WARNING: Couldn't compute FAST_CWD pointer.  Please report this problem to
the public mailing list cygwin@cygwin.com
Qt: Untested Windows version 6.2 detected!
"c:/altera/12.1/quartus/bin/jre/bin/java.exe" -Xmx512M -classpath "c:/altera/12.1/quartus/sopc_builder/bin/sopc_builder.jar;c:/altera/12.1/quartus/sopc_builder/bin/PinAssigner.jar;c:/altera/12.1/quartus/sopc_builder/bin/sopc_wizard.jar;c:/altera/12.1/quartus/sopc_builder/bin/jptf.jar" sopc_builder.sopc_builder  -d"c:/altera/12.1/quartus/sopc_builder" -notalkback=1 -projectnameyysystem.qpf -projectpathC:/Users/RANDIKA/AppData/Local/Temp/alt9370_6345438422393240420.dir/0375_sopclgen  --generate C:/Users/RANDIKA/AppData/Local/Temp/alt9370_6345438422393240420.dir/0375_sopclgen/yysystem.v --quartus_dir="c:/altera/12.1/quartus" --sopc_perl="c:/altera/12.1/quartus/bin/perl" --sopc_lib_path="++c:/altera/12.1/quartus/../ip/altera/sopc_builder_ip+c:/altera/12.1/quartus/../ip/altera/nios2_ip"
No .sopc_builder configuration file(!)
.
# 2023.01.13 18:58:31 (*) Success: sopc_builder finished.
Info: jtag_uart_0: "SoC" instantiated altera_avalon_jtag_uart "jtag_uart_0"
Info: Starting classic module elaboration.
      1 [main] sh 8108 find_fast_cwd: WARNING: Couldn't compute FAST_CWD pointer.  Please report this problem to
the public mailing list cygwin@cygwin.com
Qt: Untested Windows version 6.2 detected!
"c:/altera/12.1/quartus/bin/jre/bin/java.exe" -Xmx512M -classpath "c:/altera/12.1/quartus/sopc_builder/bin/sopc_builder.jar;c:/altera/12.1/quartus/sopc_builder/bin/PinAssigner.jar;c:/altera/12.1/quartus/sopc_builder/bin/sopc_wizard.jar;c:/altera/12.1/quartus/sopc_builder/bin/jptf.jar" sopc_builder.sopc_builder  -d"c:/altera/12.1/quartus/sopc_builder" -notalkback=1 -projectnameyysystem.qpf -projectpathC:/Users/RANDIKA/AppData/Local/Temp/alt9370_6345438422393240420.dir/0376_sopclgen  --no_splash --refresh C:/Users/RANDIKA/AppData/Local/Temp/alt9370_6345438422393240420.dir/0376_sopclgen/yysystem.v --quartus_dir="c:/altera/12.1/quartus" --sopc_perl="c:/altera/12.1/quartus/bin/perl" --sopc_lib_path="++c:/altera/12.1/quartus/../ip/altera/sopc_builder_ip+c:/altera/12.1/quartus/../ip/altera/nios2_ip"
Info: Finished elaborating classic module.
Executing: C:/altera/12.1/quartus//sopc_builder/bin/sopc_builder --classic --generate C:/Users/RANDIKA/AppData/Local/Temp/alt9370_6345438422393240420.dir/0376_sopclgen/yysystem.ptf
Info: Running sopc_builder...
      1 [main] sh 8292 find_fast_cwd: WARNING: Couldn't compute FAST_CWD pointer.  Please report this problem to
the public mailing list cygwin@cygwin.com
Qt: Untested Windows version 6.2 detected!
"c:/altera/12.1/quartus/bin/jre/bin/java.exe" -Xmx512M -classpath "c:/altera/12.1/quartus/sopc_builder/bin/sopc_builder.jar;c:/altera/12.1/quartus/sopc_builder/bin/PinAssigner.jar;c:/altera/12.1/quartus/sopc_builder/bin/sopc_wizard.jar;c:/altera/12.1/quartus/sopc_builder/bin/jptf.jar" sopc_builder.sopc_builder  -d"c:/altera/12.1/quartus/sopc_builder" -notalkback=1 -projectnameyysystem.qpf -projectpathC:/Users/RANDIKA/AppData/Local/Temp/alt9370_6345438422393240420.dir/0376_sopclgen  --generate C:/Users/RANDIKA/AppData/Local/Temp/alt9370_6345438422393240420.dir/0376_sopclgen/yysystem.v --quartus_dir="c:/altera/12.1/quartus" --sopc_perl="c:/altera/12.1/quartus/bin/perl" --sopc_lib_path="++c:/altera/12.1/quartus/../ip/altera/sopc_builder_ip+c:/altera/12.1/quartus/../ip/altera/nios2_ip"
No .sopc_builder configuration file(!)
.
# 2023.01.13 18:58:38 (*) Success: sopc_builder finished.
Info: timer_0: "SoC" instantiated altera_avalon_timer "timer_0"
Info: Starting classic module elaboration.
      1 [main] sh 1536 find_fast_cwd: WARNING: Couldn't compute FAST_CWD pointer.  Please report this problem to
the public mailing list cygwin@cygwin.com
Qt: Untested Windows version 6.2 detected!
"c:/altera/12.1/quartus/bin/jre/bin/java.exe" -Xmx512M -classpath "c:/altera/12.1/quartus/sopc_builder/bin/sopc_builder.jar;c:/altera/12.1/quartus/sopc_builder/bin/PinAssigner.jar;c:/altera/12.1/quartus/sopc_builder/bin/sopc_wizard.jar;c:/altera/12.1/quartus/sopc_builder/bin/jptf.jar" sopc_builder.sopc_builder  -d"c:/altera/12.1/quartus/sopc_builder" -notalkback=1 -projectnameyysystem.qpf -projectpathC:/Users/RANDIKA/AppData/Local/Temp/alt9370_6345438422393240420.dir/0377_sopclgen  --no_splash --refresh C:/Users/RANDIKA/AppData/Local/Temp/alt9370_6345438422393240420.dir/0377_sopclgen/yysystem.v --quartus_dir="c:/altera/12.1/quartus" --sopc_perl="c:/altera/12.1/quartus/bin/perl" --sopc_lib_path="++c:/altera/12.1/quartus/../ip/altera/sopc_builder_ip+c:/altera/12.1/quartus/../ip/altera/nios2_ip"
Info: Finished elaborating classic module.
Executing: C:/altera/12.1/quartus//sopc_builder/bin/sopc_builder --classic --generate C:/Users/RANDIKA/AppData/Local/Temp/alt9370_6345438422393240420.dir/0377_sopclgen/yysystem.ptf
Info: Running sopc_builder...
      1 [main] sh 5952 find_fast_cwd: WARNING: Couldn't compute FAST_CWD pointer.  Please report this problem to
the public mailing list cygwin@cygwin.com
Qt: Untested Windows version 6.2 detected!
"c:/altera/12.1/quartus/bin/jre/bin/java.exe" -Xmx512M -classpath "c:/altera/12.1/quartus/sopc_builder/bin/sopc_builder.jar;c:/altera/12.1/quartus/sopc_builder/bin/PinAssigner.jar;c:/altera/12.1/quartus/sopc_builder/bin/sopc_wizard.jar;c:/altera/12.1/quartus/sopc_builder/bin/jptf.jar" sopc_builder.sopc_builder  -d"c:/altera/12.1/quartus/sopc_builder" -notalkback=1 -projectnameyysystem.qpf -projectpathC:/Users/RANDIKA/AppData/Local/Temp/alt9370_6345438422393240420.dir/0377_sopclgen  --generate C:/Users/RANDIKA/AppData/Local/Temp/alt9370_6345438422393240420.dir/0377_sopclgen/yysystem.v --quartus_dir="c:/altera/12.1/quartus" --sopc_perl="c:/altera/12.1/quartus/bin/perl" --sopc_lib_path="++c:/altera/12.1/quartus/../ip/altera/sopc_builder_ip+c:/altera/12.1/quartus/../ip/altera/nios2_ip"
No .sopc_builder configuration file(!)
.
# 2023.01.13 18:58:45 (*) Success: sopc_builder finished.
Info: instruction_mem_1: "SoC" instantiated altera_avalon_onchip_memory2 "instruction_mem_1"
Info: Starting classic module elaboration.
      1 [main] sh 2476 find_fast_cwd: WARNING: Couldn't compute FAST_CWD pointer.  Please report this problem to
the public mailing list cygwin@cygwin.com
Qt: Untested Windows version 6.2 detected!
"c:/altera/12.1/quartus/bin/jre/bin/java.exe" -Xmx512M -classpath "c:/altera/12.1/quartus/sopc_builder/bin/sopc_builder.jar;c:/altera/12.1/quartus/sopc_builder/bin/PinAssigner.jar;c:/altera/12.1/quartus/sopc_builder/bin/sopc_wizard.jar;c:/altera/12.1/quartus/sopc_builder/bin/jptf.jar" sopc_builder.sopc_builder  -d"c:/altera/12.1/quartus/sopc_builder" -notalkback=1 -projectnameyysystem.qpf -projectpathC:/Users/RANDIKA/AppData/Local/Temp/alt9370_6345438422393240420.dir/0378_sopclgen  --no_splash --refresh C:/Users/RANDIKA/AppData/Local/Temp/alt9370_6345438422393240420.dir/0378_sopclgen/yysystem.v --quartus_dir="c:/altera/12.1/quartus" --sopc_perl="c:/altera/12.1/quartus/bin/perl" --sopc_lib_path="++c:/altera/12.1/quartus/../ip/altera/sopc_builder_ip+c:/altera/12.1/quartus/../ip/altera/nios2_ip"
Info: Finished elaborating classic module.
Executing: C:/altera/12.1/quartus//sopc_builder/bin/sopc_builder --classic --generate C:/Users/RANDIKA/AppData/Local/Temp/alt9370_6345438422393240420.dir/0378_sopclgen/yysystem.ptf
Info: Running sopc_builder...
      1 [main] sh 8132 find_fast_cwd: WARNING: Couldn't compute FAST_CWD pointer.  Please report this problem to
the public mailing list cygwin@cygwin.com
Qt: Untested Windows version 6.2 detected!
"c:/altera/12.1/quartus/bin/jre/bin/java.exe" -Xmx512M -classpath "c:/altera/12.1/quartus/sopc_builder/bin/sopc_builder.jar;c:/altera/12.1/quartus/sopc_builder/bin/PinAssigner.jar;c:/altera/12.1/quartus/sopc_builder/bin/sopc_wizard.jar;c:/altera/12.1/quartus/sopc_builder/bin/jptf.jar" sopc_builder.sopc_builder  -d"c:/altera/12.1/quartus/sopc_builder" -notalkback=1 -projectnameyysystem.qpf -projectpathC:/Users/RANDIKA/AppData/Local/Temp/alt9370_6345438422393240420.dir/0378_sopclgen  --generate C:/Users/RANDIKA/AppData/Local/Temp/alt9370_6345438422393240420.dir/0378_sopclgen/yysystem.v --quartus_dir="c:/altera/12.1/quartus" --sopc_perl="c:/altera/12.1/quartus/bin/perl" --sopc_lib_path="++c:/altera/12.1/quartus/../ip/altera/sopc_builder_ip+c:/altera/12.1/quartus/../ip/altera/nios2_ip"
No .sopc_builder configuration file(!)
.
# 2023.01.13 18:58:52 (*) Success: sopc_builder finished.
Info: data_mem_1: "SoC" instantiated altera_avalon_onchip_memory2 "data_mem_1"
Info: cpu_1: Starting RTL generation for module 'SoC_cpu_1'
Info: cpu_1:   Generation command is [exec C:/altera/12.1/quartus/../ip/altera/nios2_ip/altera_nios2/eperl.exe -I C:/altera/12.1/quartus/common/ip/altera/common/perl/5.8.3 -I C:/altera/12.1/quartus/sopc_builder/bin/europa -I C:/altera/12.1/quartus/sopc_builder/bin/perl_lib -I C:/altera/12.1/quartus/sopc_builder/bin -I C:/altera/12.1/quartus/../ip/altera/nios2_ip/altera_nios2/cpu_lib -I C:/altera/12.1/quartus/../ip/altera/nios2_ip/altera_nios2/nios_lib -I C:/altera/12.1/quartus/../ip/altera/nios2_ip/altera_nios2 -I C:/altera/12.1/quartus/../ip/altera/nios2_ip/altera_nios2 -- C:/altera/12.1/quartus/../ip/altera/nios2_ip/altera_nios2/generate_rtl.epl --name=SoC_cpu_1 --dir=C:/Users/RANDIKA/AppData/Local/Temp/alt9370_6345438422393240420.dir/0379_cpu_1_gen/ --quartus_dir=C:/altera/12.1/quartus --verilog --config=C:/Users/RANDIKA/AppData/Local/Temp/alt9370_6345438422393240420.dir/0379_cpu_1_gen//SoC_cpu_1_processor_configuration.pl  --do_build_sim=0    --bogus  ]
Info: cpu_1: # 2023.01.13 18:58:53 (*) Starting Nios II generation
Info: cpu_1: # 2023.01.13 18:58:53 (*)   Checking for plaintext license.
Info: cpu_1: # 2023.01.13 18:58:55 (*)   Plaintext license not found.
Info: cpu_1: # 2023.01.13 18:58:55 (*)   Checking for encrypted license (non-evaluation).
Info: cpu_1: # 2023.01.13 18:58:57 (*)   Encrypted license found.  SOF will not be time-limited.
Info: cpu_1: # 2023.01.13 18:58:57 (*)   Elaborating CPU configuration settings
Info: cpu_1: # 2023.01.13 18:58:57 (*)   Creating all objects for CPU
Info: cpu_1: # 2023.01.13 18:58:58 (*)     Pipeline frontend
Info: cpu_1: # 2023.01.13 18:59:00 (*)   Generating RTL from CPU objects
Info: cpu_1: # 2023.01.13 18:59:03 (*)   Creating encrypted RTL
Info: cpu_1: # 2023.01.13 18:59:04 (*) Done Nios II generation
Info: cpu_1: Done RTL generation for module 'SoC_cpu_1'
Info: cpu_1: "SoC" instantiated altera_nios2_qsys "cpu_1"
Info: Starting classic module elaboration.
      1 [main] sh 6136 find_fast_cwd: WARNING: Couldn't compute FAST_CWD pointer.  Please report this problem to
the public mailing list cygwin@cygwin.com
Qt: Untested Windows version 6.2 detected!
"c:/altera/12.1/quartus/bin/jre/bin/java.exe" -Xmx512M -classpath "c:/altera/12.1/quartus/sopc_builder/bin/sopc_builder.jar;c:/altera/12.1/quartus/sopc_builder/bin/PinAssigner.jar;c:/altera/12.1/quartus/sopc_builder/bin/sopc_wizard.jar;c:/altera/12.1/quartus/sopc_builder/bin/jptf.jar" sopc_builder.sopc_builder  -d"c:/altera/12.1/quartus/sopc_builder" -notalkback=1 -projectnameyysystem.qpf -projectpathC:/Users/RANDIKA/AppData/Local/Temp/alt9370_6345438422393240420.dir/0380_sopclgen  --no_splash --refresh C:/Users/RANDIKA/AppData/Local/Temp/alt9370_6345438422393240420.dir/0380_sopclgen/yysystem.v --quartus_dir="c:/altera/12.1/quartus" --sopc_perl="c:/altera/12.1/quartus/bin/perl" --sopc_lib_path="++c:/altera/12.1/quartus/../ip/altera/sopc_builder_ip+c:/altera/12.1/quartus/../ip/altera/nios2_ip"
Info: Finished elaborating classic module.
Executing: C:/altera/12.1/quartus//sopc_builder/bin/sopc_builder --classic --generate C:/Users/RANDIKA/AppData/Local/Temp/alt9370_6345438422393240420.dir/0380_sopclgen/yysystem.ptf
Info: Running sopc_builder...
      1 [main] sh 10648 find_fast_cwd: WARNING: Couldn't compute FAST_CWD pointer.  Please report this problem to
the public mailing list cygwin@cygwin.com
Qt: Untested Windows version 6.2 detected!
"c:/altera/12.1/quartus/bin/jre/bin/java.exe" -Xmx512M -classpath "c:/altera/12.1/quartus/sopc_builder/bin/sopc_builder.jar;c:/altera/12.1/quartus/sopc_builder/bin/PinAssigner.jar;c:/altera/12.1/quartus/sopc_builder/bin/sopc_wizard.jar;c:/altera/12.1/quartus/sopc_builder/bin/jptf.jar" sopc_builder.sopc_builder  -d"c:/altera/12.1/quartus/sopc_builder" -notalkback=1 -projectnameyysystem.qpf -projectpathC:/Users/RANDIKA/AppData/Local/Temp/alt9370_6345438422393240420.dir/0380_sopclgen  --generate C:/Users/RANDIKA/AppData/Local/Temp/alt9370_6345438422393240420.dir/0380_sopclgen/yysystem.v --quartus_dir="c:/altera/12.1/quartus" --sopc_perl="c:/altera/12.1/quartus/bin/perl" --sopc_lib_path="++c:/altera/12.1/quartus/../ip/altera/sopc_builder_ip+c:/altera/12.1/quartus/../ip/altera/nios2_ip"
No .sopc_builder configuration file(!)
.
# 2023.01.13 18:59:11 (*) Success: sopc_builder finished.
Info: instruction_mem_2: "SoC" instantiated altera_avalon_onchip_memory2 "instruction_mem_2"
Info: Starting classic module elaboration.
      1 [main] sh 2760 find_fast_cwd: WARNING: Couldn't compute FAST_CWD pointer.  Please report this problem to
the public mailing list cygwin@cygwin.com
Qt: Untested Windows version 6.2 detected!
"c:/altera/12.1/quartus/bin/jre/bin/java.exe" -Xmx512M -classpath "c:/altera/12.1/quartus/sopc_builder/bin/sopc_builder.jar;c:/altera/12.1/quartus/sopc_builder/bin/PinAssigner.jar;c:/altera/12.1/quartus/sopc_builder/bin/sopc_wizard.jar;c:/altera/12.1/quartus/sopc_builder/bin/jptf.jar" sopc_builder.sopc_builder  -d"c:/altera/12.1/quartus/sopc_builder" -notalkback=1 -projectnameyysystem.qpf -projectpathC:/Users/RANDIKA/AppData/Local/Temp/alt9370_6345438422393240420.dir/0381_sopclgen  --no_splash --refresh C:/Users/RANDIKA/AppData/Local/Temp/alt9370_6345438422393240420.dir/0381_sopclgen/yysystem.v --quartus_dir="c:/altera/12.1/quartus" --sopc_perl="c:/altera/12.1/quartus/bin/perl" --sopc_lib_path="++c:/altera/12.1/quartus/../ip/altera/sopc_builder_ip+c:/altera/12.1/quartus/../ip/altera/nios2_ip"
Info: Finished elaborating classic module.
Executing: C:/altera/12.1/quartus//sopc_builder/bin/sopc_builder --classic --generate C:/Users/RANDIKA/AppData/Local/Temp/alt9370_6345438422393240420.dir/0381_sopclgen/yysystem.ptf
Info: Running sopc_builder...
      2 [main] sh 10180 find_fast_cwd: WARNING: Couldn't compute FAST_CWD pointer.  Please report this problem to
the public mailing list cygwin@cygwin.com
Qt: Untested Windows version 6.2 detected!
"c:/altera/12.1/quartus/bin/jre/bin/java.exe" -Xmx512M -classpath "c:/altera/12.1/quartus/sopc_builder/bin/sopc_builder.jar;c:/altera/12.1/quartus/sopc_builder/bin/PinAssigner.jar;c:/altera/12.1/quartus/sopc_builder/bin/sopc_wizard.jar;c:/altera/12.1/quartus/sopc_builder/bin/jptf.jar" sopc_builder.sopc_builder  -d"c:/altera/12.1/quartus/sopc_builder" -notalkback=1 -projectnameyysystem.qpf -projectpathC:/Users/RANDIKA/AppData/Local/Temp/alt9370_6345438422393240420.dir/0381_sopclgen  --generate C:/Users/RANDIKA/AppData/Local/Temp/alt9370_6345438422393240420.dir/0381_sopclgen/yysystem.v --quartus_dir="c:/altera/12.1/quartus" --sopc_perl="c:/altera/12.1/quartus/bin/perl" --sopc_lib_path="++c:/altera/12.1/quartus/../ip/altera/sopc_builder_ip+c:/altera/12.1/quartus/../ip/altera/nios2_ip"
No .sopc_builder configuration file(!)
.
# 2023.01.13 18:59:18 (*) Success: sopc_builder finished.
Info: data_mem_2: "SoC" instantiated altera_avalon_onchip_memory2 "data_mem_2"
Info: cpu_2: Starting RTL generation for module 'SoC_cpu_2'
Info: cpu_2:   Generation command is [exec C:/altera/12.1/quartus/../ip/altera/nios2_ip/altera_nios2/eperl.exe -I C:/altera/12.1/quartus/common/ip/altera/common/perl/5.8.3 -I C:/altera/12.1/quartus/sopc_builder/bin/europa -I C:/altera/12.1/quartus/sopc_builder/bin/perl_lib -I C:/altera/12.1/quartus/sopc_builder/bin -I C:/altera/12.1/quartus/../ip/altera/nios2_ip/altera_nios2/cpu_lib -I C:/altera/12.1/quartus/../ip/altera/nios2_ip/altera_nios2/nios_lib -I C:/altera/12.1/quartus/../ip/altera/nios2_ip/altera_nios2 -I C:/altera/12.1/quartus/../ip/altera/nios2_ip/altera_nios2 -- C:/altera/12.1/quartus/../ip/altera/nios2_ip/altera_nios2/generate_rtl.epl --name=SoC_cpu_2 --dir=C:/Users/RANDIKA/AppData/Local/Temp/alt9370_6345438422393240420.dir/0382_cpu_2_gen/ --quartus_dir=C:/altera/12.1/quartus --verilog --config=C:/Users/RANDIKA/AppData/Local/Temp/alt9370_6345438422393240420.dir/0382_cpu_2_gen//SoC_cpu_2_processor_configuration.pl  --do_build_sim=0    --bogus  ]
Info: cpu_2: # 2023.01.13 18:59:19 (*) Starting Nios II generation
Info: cpu_2: # 2023.01.13 18:59:19 (*)   Checking for plaintext license.
Info: cpu_2: # 2023.01.13 18:59:21 (*)   Plaintext license not found.
Info: cpu_2: # 2023.01.13 18:59:21 (*)   Checking for encrypted license (non-evaluation).
Info: cpu_2: # 2023.01.13 18:59:23 (*)   Encrypted license found.  SOF will not be time-limited.
Info: cpu_2: # 2023.01.13 18:59:23 (*)   Elaborating CPU configuration settings
Info: cpu_2: # 2023.01.13 18:59:23 (*)   Creating all objects for CPU
Info: cpu_2: # 2023.01.13 18:59:24 (*)     Pipeline frontend
Info: cpu_2: # 2023.01.13 18:59:25 (*)   Generating RTL from CPU objects
Info: cpu_2: # 2023.01.13 18:59:28 (*)   Creating encrypted RTL
Info: cpu_2: # 2023.01.13 18:59:29 (*) Done Nios II generation
Info: cpu_2: Done RTL generation for module 'SoC_cpu_2'
Info: cpu_2: "SoC" instantiated altera_nios2_qsys "cpu_2"
Error: Generation stopped, 448 or more modules remaining
Info: SoC: Done SoC" with 83 modules, 62 files, 4005805 bytes
Error: ip-generate failed with exit code 1: 1 Error, 11 Warnings
Info: Stopping: Create HDL design files for synthesis
